{"E:\\hushaokang\\Data-code\\outlookEmail\\static\\js\\layout-manager.js": {"path":"E:\\hushaokang\\Data-code\\outlookEmail\\static\\js\\layout-manager.js","statementMap":{"0":{"start":{"line":17,"column":0},"end":{"line":1407,"column":56}},"1":{"start":{"line":21,"column":35},"end":{"line":21,"column":39}},"2":{"start":{"line":23,"column":35},"end":{"line":23,"column":39}},"3":{"start":{"line":29,"column":30},"end":{"line":33,"column":3}},"4":{"start":{"line":43,"column":37},"end":{"line":47,"column":3}},"5":{"start":{"line":52,"column":41},"end":{"line":56,"column":3}},"6":{"start":{"line":64,"column":6},"end":{"line":64,"column":30}},"7":{"start":{"line":67,"column":6},"end":{"line":67,"column":28}},"8":{"start":{"line":70,"column":6},"end":{"line":70,"column":30}},"9":{"start":{"line":73,"column":6},"end":{"line":73,"column":32}},"10":{"start":{"line":76,"column":6},"end":{"line":76,"column":34}},"11":{"start":{"line":79,"column":6},"end":{"line":79,"column":31}},"12":{"start":{"line":82,"column":6},"end":{"line":82,"column":32}},"13":{"start":{"line":85,"column":6},"end":{"line":85,"column":31}},"14":{"start":{"line":88,"column":6},"end":{"line":88,"column":33}},"15":{"start":{"line":91,"column":6},"end":{"line":91,"column":35}},"16":{"start":{"line":94,"column":6},"end":{"line":94,"column":22}},"17":{"start":{"line":97,"column":6},"end":{"line":97,"column":26}},"18":{"start":{"line":100,"column":6},"end":{"line":100,"column":21}},"19":{"start":{"line":103,"column":6},"end":{"line":103,"column":30}},"20":{"start":{"line":106,"column":6},"end":{"line":106,"column":56}},"21":{"start":{"line":107,"column":6},"end":{"line":107,"column":46}},"22":{"start":{"line":108,"column":6},"end":{"line":108,"column":54}},"23":{"start":{"line":109,"column":6},"end":{"line":109,"column":68}},"24":{"start":{"line":110,"column":6},"end":{"line":110,"column":64}},"25":{"start":{"line":111,"column":6},"end":{"line":111,"column":68}},"26":{"start":{"line":112,"column":6},"end":{"line":112,"column":58}},"27":{"start":{"line":113,"column":6},"end":{"line":113,"column":64}},"28":{"start":{"line":114,"column":6},"end":{"line":114,"column":60}},"29":{"start":{"line":117,"column":6},"end":{"line":117,"column":52}},"30":{"start":{"line":119,"column":6},"end":{"line":119,"column":70}},"31":{"start":{"line":119,"column":47},"end":{"line":119,"column":63}},"32":{"start":{"line":121,"column":6},"end":{"line":121,"column":87}},"33":{"start":{"line":121,"column":55},"end":{"line":121,"column":80}},"34":{"start":{"line":129,"column":6},"end":{"line":129,"column":65}},"35":{"start":{"line":132,"column":6},"end":{"line":132,"column":26}},"36":{"start":{"line":133,"column":6},"end":{"line":137,"column":11}},"37":{"start":{"line":136,"column":10},"end":{"line":136,"column":54}},"38":{"start":{"line":140,"column":6},"end":{"line":140,"column":28}},"39":{"start":{"line":141,"column":6},"end":{"line":143,"column":9}},"40":{"start":{"line":142,"column":8},"end":{"line":142,"column":60}},"41":{"start":{"line":146,"column":6},"end":{"line":153,"column":9}},"42":{"start":{"line":147,"column":8},"end":{"line":147,"column":70}},"43":{"start":{"line":148,"column":8},"end":{"line":148,"column":67}},"44":{"start":{"line":151,"column":8},"end":{"line":151,"column":71}},"45":{"start":{"line":152,"column":8},"end":{"line":152,"column":68}},"46":{"start":{"line":156,"column":6},"end":{"line":159,"column":9}},"47":{"start":{"line":157,"column":8},"end":{"line":157,"column":64}},"48":{"start":{"line":158,"column":8},"end":{"line":158,"column":61}},"49":{"start":{"line":162,"column":6},"end":{"line":162,"column":39}},"50":{"start":{"line":165,"column":21},"end":{"line":165,"column":37}},"51":{"start":{"line":166,"column":6},"end":{"line":172,"column":7}},"52":{"start":{"line":168,"column":8},"end":{"line":168,"column":39}},"53":{"start":{"line":171,"column":8},"end":{"line":171,"column":47}},"54":{"start":{"line":175,"column":6},"end":{"line":181,"column":7}},"55":{"start":{"line":176,"column":8},"end":{"line":178,"column":9}},"56":{"start":{"line":177,"column":10},"end":{"line":177,"column":81}},"57":{"start":{"line":179,"column":8},"end":{"line":179,"column":58}},"58":{"start":{"line":180,"column":8},"end":{"line":180,"column":76}},"59":{"start":{"line":184,"column":6},"end":{"line":190,"column":7}},"60":{"start":{"line":185,"column":8},"end":{"line":187,"column":9}},"61":{"start":{"line":186,"column":10},"end":{"line":186,"column":75}},"62":{"start":{"line":188,"column":8},"end":{"line":188,"column":58}},"63":{"start":{"line":189,"column":8},"end":{"line":189,"column":70}},"64":{"start":{"line":193,"column":6},"end":{"line":195,"column":9}},"65":{"start":{"line":194,"column":8},"end":{"line":194,"column":34}},"66":{"start":{"line":197,"column":6},"end":{"line":197,"column":18}},"67":{"start":{"line":205,"column":6},"end":{"line":225,"column":7}},"68":{"start":{"line":206,"column":8},"end":{"line":208,"column":9}},"69":{"start":{"line":207,"column":10},"end":{"line":207,"column":43}},"70":{"start":{"line":211,"column":8},"end":{"line":217,"column":9}},"71":{"start":{"line":213,"column":35},"end":{"line":213,"column":64}},"72":{"start":{"line":214,"column":10},"end":{"line":216,"column":11}},"73":{"start":{"line":215,"column":12},"end":{"line":215,"column":42}},"74":{"start":{"line":219,"column":8},"end":{"line":224,"column":9}},"75":{"start":{"line":221,"column":10},"end":{"line":221,"column":72}},"76":{"start":{"line":226,"column":6},"end":{"line":226,"column":18}},"77":{"start":{"line":236,"column":20},"end":{"line":236,"column":24}},"78":{"start":{"line":238,"column":6},"end":{"line":259,"column":8}},"79":{"start":{"line":240,"column":10},"end":{"line":240,"column":45}},"80":{"start":{"line":240,"column":23},"end":{"line":240,"column":45}},"81":{"start":{"line":241,"column":10},"end":{"line":244,"column":20}},"82":{"start":{"line":242,"column":12},"end":{"line":242,"column":27}},"83":{"start":{"line":243,"column":12},"end":{"line":243,"column":26}},"84":{"start":{"line":247,"column":10},"end":{"line":250,"column":11}},"85":{"start":{"line":248,"column":12},"end":{"line":248,"column":34}},"86":{"start":{"line":249,"column":12},"end":{"line":249,"column":27}},"87":{"start":{"line":251,"column":10},"end":{"line":251,"column":24}},"88":{"start":{"line":254,"column":10},"end":{"line":257,"column":11}},"89":{"start":{"line":255,"column":12},"end":{"line":255,"column":34}},"90":{"start":{"line":256,"column":12},"end":{"line":256,"column":27}},"91":{"start":{"line":268,"column":21},"end":{"line":268,"column":23}},"92":{"start":{"line":269,"column":6},"end":{"line":291,"column":9}},"93":{"start":{"line":270,"column":22},"end":{"line":270,"column":48}},"94":{"start":{"line":273,"column":25},"end":{"line":273,"column":55}},"95":{"start":{"line":275,"column":10},"end":{"line":277,"column":12}},"96":{"start":{"line":278,"column":28},"end":{"line":278,"column":50}},"97":{"start":{"line":281,"column":32},"end":{"line":281,"column":75}},"98":{"start":{"line":282,"column":22},"end":{"line":282,"column":92}},"99":{"start":{"line":286,"column":10},"end":{"line":288,"column":48}},"100":{"start":{"line":290,"column":8},"end":{"line":290,"column":62}},"101":{"start":{"line":293,"column":6},"end":{"line":298,"column":8}},"102":{"start":{"line":316,"column":6},"end":{"line":353,"column":7}},"103":{"start":{"line":317,"column":26},"end":{"line":321,"column":9}},"104":{"start":{"line":318,"column":10},"end":{"line":318,"column":65}},"105":{"start":{"line":318,"column":53},"end":{"line":318,"column":65}},"106":{"start":{"line":319,"column":23},"end":{"line":319,"column":43}},"107":{"start":{"line":320,"column":10},"end":{"line":320,"column":36}},"108":{"start":{"line":324,"column":8},"end":{"line":345,"column":9}},"109":{"start":{"line":326,"column":12},"end":{"line":326,"column":88}},"110":{"start":{"line":327,"column":35},"end":{"line":327,"column":52}},"111":{"start":{"line":328,"column":10},"end":{"line":328,"column":56}},"112":{"start":{"line":328,"column":32},"end":{"line":328,"column":56}},"113":{"start":{"line":331,"column":12},"end":{"line":333,"column":20}},"114":{"start":{"line":334,"column":35},"end":{"line":334,"column":52}},"115":{"start":{"line":335,"column":10},"end":{"line":335,"column":56}},"116":{"start":{"line":335,"column":32},"end":{"line":335,"column":56}},"117":{"start":{"line":339,"column":12},"end":{"line":341,"column":20}},"118":{"start":{"line":342,"column":25},"end":{"line":342,"column":67}},"119":{"start":{"line":343,"column":35},"end":{"line":343,"column":52}},"120":{"start":{"line":344,"column":10},"end":{"line":344,"column":56}},"121":{"start":{"line":344,"column":32},"end":{"line":344,"column":56}},"122":{"start":{"line":348,"column":25},"end":{"line":348,"column":61}},"123":{"start":{"line":349,"column":35},"end":{"line":349,"column":54}},"124":{"start":{"line":350,"column":8},"end":{"line":350,"column":58}},"125":{"start":{"line":350,"column":32},"end":{"line":350,"column":58}},"126":{"start":{"line":355,"column":6},"end":{"line":355,"column":18}},"127":{"start":{"line":363,"column":6},"end":{"line":363,"column":91}},"128":{"start":{"line":363,"column":78},"end":{"line":363,"column":91}},"129":{"start":{"line":365,"column":21},"end":{"line":365,"column":55}},"130":{"start":{"line":366,"column":20},"end":{"line":366,"column":49}},"131":{"start":{"line":367,"column":6},"end":{"line":367,"column":53}},"132":{"start":{"line":375,"column":6},"end":{"line":375,"column":55}},"133":{"start":{"line":375,"column":31},"end":{"line":375,"column":55}},"134":{"start":{"line":378,"column":6},"end":{"line":378,"column":42}},"135":{"start":{"line":391,"column":6},"end":{"line":391,"column":91}},"136":{"start":{"line":391,"column":78},"end":{"line":391,"column":91}},"137":{"start":{"line":393,"column":21},"end":{"line":393,"column":55}},"138":{"start":{"line":394,"column":20},"end":{"line":394,"column":50}},"139":{"start":{"line":395,"column":6},"end":{"line":395,"column":48}},"140":{"start":{"line":395,"column":35},"end":{"line":395,"column":48}},"141":{"start":{"line":397,"column":6},"end":{"line":403,"column":9}},"142":{"start":{"line":398,"column":8},"end":{"line":398,"column":37}},"143":{"start":{"line":401,"column":8},"end":{"line":401,"column":39}},"144":{"start":{"line":402,"column":8},"end":{"line":402,"column":47}},"145":{"start":{"line":405,"column":6},"end":{"line":405,"column":18}},"146":{"start":{"line":414,"column":8},"end":{"line":416,"column":16}},"147":{"start":{"line":417,"column":6},"end":{"line":420,"column":7}},"148":{"start":{"line":418,"column":8},"end":{"line":418,"column":13}},"149":{"start":{"line":419,"column":8},"end":{"line":419,"column":15}},"150":{"start":{"line":422,"column":6},"end":{"line":422,"column":49}},"151":{"start":{"line":423,"column":6},"end":{"line":439,"column":7}},"152":{"start":{"line":424,"column":8},"end":{"line":424,"column":13}},"153":{"start":{"line":426,"column":23},"end":{"line":432,"column":9}},"154":{"start":{"line":427,"column":10},"end":{"line":431,"column":11}},"155":{"start":{"line":428,"column":12},"end":{"line":428,"column":58}},"156":{"start":{"line":434,"column":8},"end":{"line":438,"column":9}},"157":{"start":{"line":435,"column":10},"end":{"line":435,"column":40}},"158":{"start":{"line":437,"column":10},"end":{"line":437,"column":32}},"159":{"start":{"line":448,"column":8},"end":{"line":450,"column":16}},"160":{"start":{"line":451,"column":6},"end":{"line":454,"column":7}},"161":{"start":{"line":452,"column":8},"end":{"line":452,"column":13}},"162":{"start":{"line":453,"column":8},"end":{"line":453,"column":15}},"163":{"start":{"line":456,"column":6},"end":{"line":456,"column":45}},"164":{"start":{"line":457,"column":6},"end":{"line":468,"column":7}},"165":{"start":{"line":458,"column":8},"end":{"line":458,"column":13}},"166":{"start":{"line":461,"column":8},"end":{"line":467,"column":16}},"167":{"start":{"line":462,"column":10},"end":{"line":466,"column":11}},"168":{"start":{"line":463,"column":12},"end":{"line":463,"column":54}},"169":{"start":{"line":483,"column":6},"end":{"line":485,"column":7}},"170":{"start":{"line":484,"column":8},"end":{"line":484,"column":36}},"171":{"start":{"line":487,"column":21},"end":{"line":487,"column":55}},"172":{"start":{"line":488,"column":6},"end":{"line":494,"column":7}},"173":{"start":{"line":489,"column":8},"end":{"line":491,"column":9}},"174":{"start":{"line":490,"column":10},"end":{"line":490,"column":42}},"175":{"start":{"line":496,"column":30},"end":{"line":496,"column":73}},"176":{"start":{"line":498,"column":6},"end":{"line":517,"column":9}},"177":{"start":{"line":499,"column":8},"end":{"line":512,"column":11}},"178":{"start":{"line":500,"column":24},"end":{"line":500,"column":50}},"179":{"start":{"line":501,"column":10},"end":{"line":501,"column":29}},"180":{"start":{"line":501,"column":22},"end":{"line":501,"column":29}},"181":{"start":{"line":504,"column":10},"end":{"line":504,"column":45}},"182":{"start":{"line":505,"column":10},"end":{"line":505,"column":46}},"183":{"start":{"line":508,"column":10},"end":{"line":508,"column":67}},"184":{"start":{"line":511,"column":10},"end":{"line":511,"column":59}},"185":{"start":{"line":515,"column":8},"end":{"line":515,"column":39}},"186":{"start":{"line":516,"column":8},"end":{"line":516,"column":47}},"187":{"start":{"line":519,"column":6},"end":{"line":519,"column":40}},"188":{"start":{"line":527,"column":21},"end":{"line":527,"column":64}},"189":{"start":{"line":528,"column":6},"end":{"line":528,"column":26}},"190":{"start":{"line":528,"column":19},"end":{"line":528,"column":26}},"191":{"start":{"line":530,"column":6},"end":{"line":555,"column":9}},"192":{"start":{"line":531,"column":22},"end":{"line":531,"column":48}},"193":{"start":{"line":532,"column":27},"end":{"line":532,"column":44}},"194":{"start":{"line":533,"column":8},"end":{"line":533,"column":42}},"195":{"start":{"line":533,"column":35},"end":{"line":533,"column":42}},"196":{"start":{"line":536,"column":28},"end":{"line":536,"column":58}},"197":{"start":{"line":537,"column":8},"end":{"line":542,"column":9}},"198":{"start":{"line":538,"column":22},"end":{"line":538,"column":49}},"199":{"start":{"line":539,"column":22},"end":{"line":539,"column":49}},"200":{"start":{"line":540,"column":26},"end":{"line":540,"column":67}},"201":{"start":{"line":541,"column":10},"end":{"line":541,"column":48}},"202":{"start":{"line":545,"column":8},"end":{"line":545,"column":43}},"203":{"start":{"line":548,"column":8},"end":{"line":554,"column":9}},"204":{"start":{"line":549,"column":10},"end":{"line":549,"column":43}},"205":{"start":{"line":550,"column":10},"end":{"line":550,"column":58}},"206":{"start":{"line":552,"column":10},"end":{"line":552,"column":46}},"207":{"start":{"line":553,"column":10},"end":{"line":553,"column":59}},"208":{"start":{"line":564,"column":20},"end":{"line":564,"column":46}},"209":{"start":{"line":565,"column":6},"end":{"line":565,"column":25}},"210":{"start":{"line":565,"column":18},"end":{"line":565,"column":25}},"211":{"start":{"line":567,"column":18},"end":{"line":567,"column":54}},"212":{"start":{"line":568,"column":6},"end":{"line":568,"column":23}},"213":{"start":{"line":568,"column":16},"end":{"line":568,"column":23}},"214":{"start":{"line":570,"column":6},"end":{"line":576,"column":7}},"215":{"start":{"line":571,"column":8},"end":{"line":571,"column":51}},"216":{"start":{"line":572,"column":8},"end":{"line":572,"column":85}},"217":{"start":{"line":573,"column":8},"end":{"line":573,"column":80}},"218":{"start":{"line":574,"column":8},"end":{"line":574,"column":30}},"219":{"start":{"line":575,"column":8},"end":{"line":575,"column":15}},"220":{"start":{"line":578,"column":6},"end":{"line":578,"column":48}},"221":{"start":{"line":579,"column":6},"end":{"line":579,"column":83}},"222":{"start":{"line":580,"column":6},"end":{"line":580,"column":78}},"223":{"start":{"line":581,"column":6},"end":{"line":581,"column":28}},"224":{"start":{"line":590,"column":6},"end":{"line":599,"column":7}},"225":{"start":{"line":592,"column":10},"end":{"line":592,"column":22}},"226":{"start":{"line":594,"column":10},"end":{"line":594,"column":22}},"227":{"start":{"line":596,"column":10},"end":{"line":596,"column":24}},"228":{"start":{"line":598,"column":10},"end":{"line":598,"column":22}},"229":{"start":{"line":607,"column":18},"end":{"line":607,"column":63}},"230":{"start":{"line":608,"column":24},"end":{"line":608,"column":69}},"231":{"start":{"line":609,"column":6},"end":{"line":609,"column":29}},"232":{"start":{"line":609,"column":22},"end":{"line":609,"column":29}},"233":{"start":{"line":611,"column":6},"end":{"line":611,"column":25}},"234":{"start":{"line":612,"column":6},"end":{"line":612,"column":34}},"235":{"start":{"line":620,"column":6},"end":{"line":620,"column":30}},"236":{"start":{"line":622,"column":6},"end":{"line":658,"column":9}},"237":{"start":{"line":623,"column":22},"end":{"line":623,"column":48}},"238":{"start":{"line":624,"column":8},"end":{"line":624,"column":27}},"239":{"start":{"line":624,"column":20},"end":{"line":624,"column":27}},"240":{"start":{"line":626,"column":24},"end":{"line":628,"column":9}},"241":{"start":{"line":629,"column":8},"end":{"line":650,"column":9}},"242":{"start":{"line":630,"column":10},"end":{"line":630,"column":52}},"243":{"start":{"line":631,"column":10},"end":{"line":631,"column":54}},"244":{"start":{"line":632,"column":10},"end":{"line":632,"column":46}},"245":{"start":{"line":633,"column":10},"end":{"line":633,"column":51}},"246":{"start":{"line":634,"column":10},"end":{"line":634,"column":50}},"247":{"start":{"line":635,"column":10},"end":{"line":638,"column":12}},"248":{"start":{"line":639,"column":10},"end":{"line":642,"column":12}},"249":{"start":{"line":644,"column":23},"end":{"line":644,"column":53}},"250":{"start":{"line":645,"column":10},"end":{"line":645,"column":44}},"251":{"start":{"line":646,"column":10},"end":{"line":646,"column":65}},"252":{"start":{"line":647,"column":10},"end":{"line":647,"column":38}},"253":{"start":{"line":649,"column":10},"end":{"line":649,"column":39}},"254":{"start":{"line":652,"column":8},"end":{"line":652,"column":71}},"255":{"start":{"line":653,"column":8},"end":{"line":653,"column":68}},"256":{"start":{"line":654,"column":8},"end":{"line":654,"column":75}},"257":{"start":{"line":655,"column":8},"end":{"line":655,"column":72}},"258":{"start":{"line":657,"column":8},"end":{"line":657,"column":50}},"259":{"start":{"line":666,"column":24},"end":{"line":666,"column":69}},"260":{"start":{"line":667,"column":24},"end":{"line":667,"column":87}},"261":{"start":{"line":668,"column":6},"end":{"line":668,"column":29}},"262":{"start":{"line":668,"column":22},"end":{"line":668,"column":29}},"263":{"start":{"line":670,"column":6},"end":{"line":670,"column":25}},"264":{"start":{"line":671,"column":6},"end":{"line":671,"column":34}},"265":{"start":{"line":679,"column":6},"end":{"line":679,"column":21}},"266":{"start":{"line":679,"column":14},"end":{"line":679,"column":21}},"267":{"start":{"line":680,"column":18},"end":{"line":680,"column":23}},"268":{"start":{"line":681,"column":6},"end":{"line":681,"column":49}},"269":{"start":{"line":681,"column":42},"end":{"line":681,"column":49}},"270":{"start":{"line":683,"column":6},"end":{"line":683,"column":25}},"271":{"start":{"line":684,"column":6},"end":{"line":687,"column":9}},"272":{"start":{"line":695,"column":29},"end":{"line":695,"column":62}},"273":{"start":{"line":696,"column":19},"end":{"line":696,"column":20}},"274":{"start":{"line":698,"column":6},"end":{"line":709,"column":9}},"275":{"start":{"line":699,"column":22},"end":{"line":699,"column":48}},"276":{"start":{"line":700,"column":26},"end":{"line":700,"column":56}},"277":{"start":{"line":701,"column":8},"end":{"line":701,"column":41}},"278":{"start":{"line":701,"column":34},"end":{"line":701,"column":41}},"279":{"start":{"line":703,"column":8},"end":{"line":708,"column":9}},"280":{"start":{"line":704,"column":10},"end":{"line":704,"column":85}},"281":{"start":{"line":705,"column":10},"end":{"line":705,"column":35}},"282":{"start":{"line":707,"column":10},"end":{"line":707,"column":73}},"283":{"start":{"line":717,"column":18},"end":{"line":719,"column":7}},"284":{"start":{"line":720,"column":21},"end":{"line":720,"column":38}},"285":{"start":{"line":721,"column":6},"end":{"line":721,"column":43}},"286":{"start":{"line":730,"column":6},"end":{"line":739,"column":7}},"287":{"start":{"line":732,"column":10},"end":{"line":732,"column":21}},"288":{"start":{"line":734,"column":10},"end":{"line":734,"column":21}},"289":{"start":{"line":736,"column":10},"end":{"line":736,"column":21}},"290":{"start":{"line":738,"column":10},"end":{"line":738,"column":21}},"291":{"start":{"line":748,"column":6},"end":{"line":757,"column":7}},"292":{"start":{"line":750,"column":10},"end":{"line":750,"column":21}},"293":{"start":{"line":752,"column":10},"end":{"line":752,"column":21}},"294":{"start":{"line":754,"column":10},"end":{"line":754,"column":21}},"295":{"start":{"line":756,"column":10},"end":{"line":756,"column":21}},"296":{"start":{"line":766,"column":6},"end":{"line":766,"column":67}},"297":{"start":{"line":766,"column":60},"end":{"line":766,"column":67}},"298":{"start":{"line":767,"column":6},"end":{"line":767,"column":67}},"299":{"start":{"line":767,"column":60},"end":{"line":767,"column":67}},"300":{"start":{"line":769,"column":24},"end":{"line":769,"column":43}},"301":{"start":{"line":770,"column":25},"end":{"line":770,"column":55}},"302":{"start":{"line":771,"column":6},"end":{"line":771,"column":30}},"303":{"start":{"line":771,"column":23},"end":{"line":771,"column":30}},"304":{"start":{"line":773,"column":6},"end":{"line":773,"column":75}},"305":{"start":{"line":776,"column":29},"end":{"line":776,"column":66}},"306":{"start":{"line":777,"column":6},"end":{"line":779,"column":7}},"307":{"start":{"line":778,"column":8},"end":{"line":778,"column":81}},"308":{"start":{"line":782,"column":22},"end":{"line":782,"column":50}},"309":{"start":{"line":783,"column":6},"end":{"line":785,"column":7}},"310":{"start":{"line":784,"column":8},"end":{"line":784,"column":73}},"311":{"start":{"line":796,"column":6},"end":{"line":805,"column":9}},"312":{"start":{"line":797,"column":22},"end":{"line":797,"column":48}},"313":{"start":{"line":798,"column":8},"end":{"line":798,"column":27}},"314":{"start":{"line":798,"column":20},"end":{"line":798,"column":27}},"315":{"start":{"line":800,"column":8},"end":{"line":804,"column":9}},"316":{"start":{"line":801,"column":10},"end":{"line":801,"column":51}},"317":{"start":{"line":803,"column":10},"end":{"line":803,"column":50}},"318":{"start":{"line":814,"column":22},"end":{"line":814,"column":52}},"319":{"start":{"line":815,"column":6},"end":{"line":815,"column":32}},"320":{"start":{"line":815,"column":20},"end":{"line":815,"column":32}},"321":{"start":{"line":817,"column":18},"end":{"line":817,"column":86}},"322":{"start":{"line":818,"column":21},"end":{"line":818,"column":38}},"323":{"start":{"line":819,"column":6},"end":{"line":819,"column":39}},"324":{"start":{"line":819,"column":27},"end":{"line":819,"column":39}},"325":{"start":{"line":820,"column":6},"end":{"line":820,"column":27}},"326":{"start":{"line":828,"column":29},"end":{"line":828,"column":66}},"327":{"start":{"line":829,"column":27},"end":{"line":829,"column":68}},"328":{"start":{"line":830,"column":6},"end":{"line":830,"column":51}},"329":{"start":{"line":830,"column":44},"end":{"line":830,"column":51}},"330":{"start":{"line":832,"column":25},"end":{"line":832,"column":62}},"331":{"start":{"line":833,"column":6},"end":{"line":835,"column":7}},"332":{"start":{"line":834,"column":8},"end":{"line":834,"column":79}},"333":{"start":{"line":836,"column":6},"end":{"line":839,"column":8}},"334":{"start":{"line":847,"column":29},"end":{"line":847,"column":66}},"335":{"start":{"line":848,"column":27},"end":{"line":848,"column":68}},"336":{"start":{"line":849,"column":6},"end":{"line":849,"column":51}},"337":{"start":{"line":849,"column":44},"end":{"line":849,"column":51}},"338":{"start":{"line":851,"column":6},"end":{"line":851,"column":72}},"339":{"start":{"line":852,"column":6},"end":{"line":852,"column":70}},"340":{"start":{"line":862,"column":6},"end":{"line":869,"column":7}},"341":{"start":{"line":868,"column":8},"end":{"line":868,"column":17}},"342":{"start":{"line":872,"column":6},"end":{"line":872,"column":57}},"343":{"start":{"line":885,"column":20},"end":{"line":885,"column":46}},"344":{"start":{"line":886,"column":6},"end":{"line":886,"column":25}},"345":{"start":{"line":886,"column":18},"end":{"line":886,"column":25}},"346":{"start":{"line":889,"column":6},"end":{"line":895,"column":7}},"347":{"start":{"line":890,"column":31},"end":{"line":890,"column":55}},"348":{"start":{"line":891,"column":8},"end":{"line":894,"column":9}},"349":{"start":{"line":892,"column":10},"end":{"line":892,"column":49}},"350":{"start":{"line":893,"column":10},"end":{"line":893,"column":17}},"351":{"start":{"line":898,"column":6},"end":{"line":902,"column":7}},"352":{"start":{"line":899,"column":8},"end":{"line":899,"column":45}},"353":{"start":{"line":901,"column":8},"end":{"line":901,"column":43}},"354":{"start":{"line":904,"column":6},"end":{"line":904,"column":39}},"355":{"start":{"line":905,"column":6},"end":{"line":905,"column":47}},"356":{"start":{"line":906,"column":6},"end":{"line":906,"column":45}},"357":{"start":{"line":908,"column":18},"end":{"line":908,"column":54}},"358":{"start":{"line":909,"column":6},"end":{"line":920,"column":7}},"359":{"start":{"line":910,"column":8},"end":{"line":910,"column":51}},"360":{"start":{"line":911,"column":8},"end":{"line":914,"column":10}},"361":{"start":{"line":915,"column":8},"end":{"line":918,"column":10}},"362":{"start":{"line":919,"column":8},"end":{"line":919,"column":30}},"363":{"start":{"line":923,"column":6},"end":{"line":928,"column":7}},"364":{"start":{"line":924,"column":26},"end":{"line":924,"column":56}},"365":{"start":{"line":925,"column":8},"end":{"line":927,"column":9}},"366":{"start":{"line":926,"column":10},"end":{"line":926,"column":28}},"367":{"start":{"line":931,"column":6},"end":{"line":933,"column":7}},"368":{"start":{"line":932,"column":8},"end":{"line":932,"column":28}},"369":{"start":{"line":941,"column":20},"end":{"line":941,"column":46}},"370":{"start":{"line":942,"column":6},"end":{"line":942,"column":25}},"371":{"start":{"line":942,"column":18},"end":{"line":942,"column":25}},"372":{"start":{"line":945,"column":6},"end":{"line":945,"column":41}},"373":{"start":{"line":947,"column":6},"end":{"line":947,"column":42}},"374":{"start":{"line":948,"column":6},"end":{"line":948,"column":46}},"375":{"start":{"line":949,"column":6},"end":{"line":949,"column":45}},"376":{"start":{"line":951,"column":18},"end":{"line":951,"column":54}},"377":{"start":{"line":952,"column":6},"end":{"line":967,"column":7}},"378":{"start":{"line":953,"column":8},"end":{"line":953,"column":50}},"379":{"start":{"line":954,"column":8},"end":{"line":957,"column":10}},"380":{"start":{"line":958,"column":8},"end":{"line":961,"column":10}},"381":{"start":{"line":962,"column":8},"end":{"line":962,"column":30}},"382":{"start":{"line":964,"column":8},"end":{"line":966,"column":9}},"383":{"start":{"line":965,"column":10},"end":{"line":965,"column":22}},"384":{"start":{"line":970,"column":6},"end":{"line":972,"column":7}},"385":{"start":{"line":971,"column":8},"end":{"line":971,"column":28}},"386":{"start":{"line":981,"column":23},"end":{"line":981,"column":25}},"387":{"start":{"line":982,"column":6},"end":{"line":988,"column":9}},"388":{"start":{"line":983,"column":22},"end":{"line":983,"column":48}},"389":{"start":{"line":984,"column":8},"end":{"line":984,"column":27}},"390":{"start":{"line":984,"column":20},"end":{"line":984,"column":27}},"391":{"start":{"line":985,"column":8},"end":{"line":987,"column":9}},"392":{"start":{"line":986,"column":10},"end":{"line":986,"column":35}},"393":{"start":{"line":989,"column":6},"end":{"line":989,"column":22}},"394":{"start":{"line":998,"column":6},"end":{"line":1005,"column":7}},"395":{"start":{"line":999,"column":8},"end":{"line":1002,"column":9}},"396":{"start":{"line":1000,"column":10},"end":{"line":1000,"column":42}},"397":{"start":{"line":1001,"column":10},"end":{"line":1001,"column":17}},"398":{"start":{"line":1007,"column":6},"end":{"line":1013,"column":7}},"399":{"start":{"line":1008,"column":8},"end":{"line":1010,"column":9}},"400":{"start":{"line":1009,"column":10},"end":{"line":1009,"column":32}},"401":{"start":{"line":1021,"column":20},"end":{"line":1021,"column":46}},"402":{"start":{"line":1022,"column":6},"end":{"line":1022,"column":25}},"403":{"start":{"line":1022,"column":18},"end":{"line":1022,"column":25}},"404":{"start":{"line":1024,"column":6},"end":{"line":1028,"column":7}},"405":{"start":{"line":1025,"column":8},"end":{"line":1025,"column":36}},"406":{"start":{"line":1027,"column":8},"end":{"line":1027,"column":45}},"407":{"start":{"line":1035,"column":6},"end":{"line":1038,"column":7}},"408":{"start":{"line":1036,"column":8},"end":{"line":1036,"column":34}},"409":{"start":{"line":1037,"column":8},"end":{"line":1037,"column":15}},"410":{"start":{"line":1039,"column":6},"end":{"line":1039,"column":45}},"411":{"start":{"line":1052,"column":6},"end":{"line":1052,"column":89}},"412":{"start":{"line":1052,"column":82},"end":{"line":1052,"column":89}},"413":{"start":{"line":1054,"column":20},"end":{"line":1054,"column":37}},"414":{"start":{"line":1055,"column":6},"end":{"line":1055,"column":56}},"415":{"start":{"line":1055,"column":49},"end":{"line":1055,"column":56}},"416":{"start":{"line":1057,"column":35},"end":{"line":1057,"column":47}},"417":{"start":{"line":1058,"column":37},"end":{"line":1058,"column":48}},"418":{"start":{"line":1059,"column":35},"end":{"line":1059,"column":46}},"419":{"start":{"line":1061,"column":6},"end":{"line":1065,"column":7}},"420":{"start":{"line":1062,"column":8},"end":{"line":1062,"column":49}},"421":{"start":{"line":1064,"column":8},"end":{"line":1064,"column":44}},"422":{"start":{"line":1067,"column":6},"end":{"line":1071,"column":7}},"423":{"start":{"line":1068,"column":8},"end":{"line":1068,"column":51}},"424":{"start":{"line":1070,"column":8},"end":{"line":1070,"column":46}},"425":{"start":{"line":1073,"column":6},"end":{"line":1077,"column":7}},"426":{"start":{"line":1074,"column":8},"end":{"line":1074,"column":49}},"427":{"start":{"line":1076,"column":8},"end":{"line":1076,"column":44}},"428":{"start":{"line":1085,"column":20},"end":{"line":1085,"column":46}},"429":{"start":{"line":1086,"column":6},"end":{"line":1086,"column":25}},"430":{"start":{"line":1086,"column":18},"end":{"line":1086,"column":25}},"431":{"start":{"line":1089,"column":6},"end":{"line":1089,"column":72}},"432":{"start":{"line":1089,"column":65},"end":{"line":1089,"column":72}},"433":{"start":{"line":1092,"column":6},"end":{"line":1092,"column":75}},"434":{"start":{"line":1092,"column":68},"end":{"line":1092,"column":75}},"435":{"start":{"line":1094,"column":6},"end":{"line":1094,"column":42}},"436":{"start":{"line":1102,"column":20},"end":{"line":1102,"column":46}},"437":{"start":{"line":1103,"column":6},"end":{"line":1103,"column":25}},"438":{"start":{"line":1103,"column":18},"end":{"line":1103,"column":25}},"439":{"start":{"line":1105,"column":6},"end":{"line":1105,"column":72}},"440":{"start":{"line":1105,"column":65},"end":{"line":1105,"column":72}},"441":{"start":{"line":1107,"column":30},"end":{"line":1107,"column":85}},"442":{"start":{"line":1108,"column":6},"end":{"line":1108,"column":35}},"443":{"start":{"line":1108,"column":28},"end":{"line":1108,"column":35}},"444":{"start":{"line":1110,"column":6},"end":{"line":1112,"column":7}},"445":{"start":{"line":1111,"column":8},"end":{"line":1111,"column":42}},"446":{"start":{"line":1120,"column":6},"end":{"line":1120,"column":21}},"447":{"start":{"line":1120,"column":14},"end":{"line":1120,"column":21}},"448":{"start":{"line":1122,"column":18},"end":{"line":1122,"column":23}},"449":{"start":{"line":1123,"column":6},"end":{"line":1123,"column":62}},"450":{"start":{"line":1123,"column":55},"end":{"line":1123,"column":62}},"451":{"start":{"line":1125,"column":22},"end":{"line":1125,"column":37}},"452":{"start":{"line":1126,"column":24},"end":{"line":1126,"column":83}},"453":{"start":{"line":1127,"column":6},"end":{"line":1127,"column":29}},"454":{"start":{"line":1127,"column":22},"end":{"line":1127,"column":29}},"455":{"start":{"line":1129,"column":20},"end":{"line":1129,"column":46}},"456":{"start":{"line":1130,"column":6},"end":{"line":1130,"column":25}},"457":{"start":{"line":1130,"column":18},"end":{"line":1130,"column":25}},"458":{"start":{"line":1131,"column":6},"end":{"line":1131,"column":75}},"459":{"start":{"line":1131,"column":68},"end":{"line":1131,"column":75}},"460":{"start":{"line":1133,"column":19},"end":{"line":1133,"column":39}},"461":{"start":{"line":1134,"column":20},"end":{"line":1134,"column":54}},"462":{"start":{"line":1136,"column":6},"end":{"line":1136,"column":25}},"463":{"start":{"line":1138,"column":25},"end":{"line":1138,"column":67}},"464":{"start":{"line":1139,"column":24},"end":{"line":1139,"column":79}},"465":{"start":{"line":1140,"column":6},"end":{"line":1140,"column":46}},"466":{"start":{"line":1143,"column":6},"end":{"line":1145,"column":7}},"467":{"start":{"line":1144,"column":8},"end":{"line":1144,"column":39}},"468":{"start":{"line":1154,"column":6},"end":{"line":1154,"column":70}},"469":{"start":{"line":1154,"column":63},"end":{"line":1154,"column":70}},"470":{"start":{"line":1156,"column":22},"end":{"line":1156,"column":37}},"471":{"start":{"line":1157,"column":24},"end":{"line":1157,"column":83}},"472":{"start":{"line":1158,"column":6},"end":{"line":1158,"column":29}},"473":{"start":{"line":1158,"column":22},"end":{"line":1158,"column":29}},"474":{"start":{"line":1160,"column":20},"end":{"line":1160,"column":46}},"475":{"start":{"line":1161,"column":6},"end":{"line":1161,"column":25}},"476":{"start":{"line":1161,"column":18},"end":{"line":1161,"column":25}},"477":{"start":{"line":1163,"column":6},"end":{"line":1163,"column":56}},"478":{"start":{"line":1163,"column":49},"end":{"line":1163,"column":56}},"479":{"start":{"line":1165,"column":6},"end":{"line":1165,"column":25}},"480":{"start":{"line":1168,"column":6},"end":{"line":1170,"column":7}},"481":{"start":{"line":1169,"column":8},"end":{"line":1169,"column":55}},"482":{"start":{"line":1172,"column":6},"end":{"line":1172,"column":29}},"483":{"start":{"line":1173,"column":6},"end":{"line":1173,"column":40}},"484":{"start":{"line":1174,"column":6},"end":{"line":1174,"column":32}},"485":{"start":{"line":1175,"column":6},"end":{"line":1175,"column":36}},"486":{"start":{"line":1176,"column":6},"end":{"line":1178,"column":7}},"487":{"start":{"line":1177,"column":8},"end":{"line":1177,"column":52}},"488":{"start":{"line":1179,"column":6},"end":{"line":1179,"column":30}},"489":{"start":{"line":1180,"column":6},"end":{"line":1180,"column":38}},"490":{"start":{"line":1181,"column":6},"end":{"line":1181,"column":67}},"491":{"start":{"line":1183,"column":6},"end":{"line":1183,"column":61}},"492":{"start":{"line":1184,"column":6},"end":{"line":1184,"column":63}},"493":{"start":{"line":1186,"column":6},"end":{"line":1186,"column":58}},"494":{"start":{"line":1187,"column":6},"end":{"line":1187,"column":66}},"495":{"start":{"line":1195,"column":6},"end":{"line":1195,"column":83}},"496":{"start":{"line":1195,"column":76},"end":{"line":1195,"column":83}},"497":{"start":{"line":1197,"column":6},"end":{"line":1197,"column":38}},"498":{"start":{"line":1199,"column":6},"end":{"line":1199,"column":29}},"499":{"start":{"line":1199,"column":22},"end":{"line":1199,"column":29}},"500":{"start":{"line":1200,"column":6},"end":{"line":1222,"column":9}},"501":{"start":{"line":1201,"column":8},"end":{"line":1201,"column":23}},"502":{"start":{"line":1202,"column":8},"end":{"line":1202,"column":85}},"503":{"start":{"line":1202,"column":78},"end":{"line":1202,"column":85}},"504":{"start":{"line":1204,"column":8},"end":{"line":1221,"column":9}},"505":{"start":{"line":1205,"column":27},"end":{"line":1210,"column":11}},"506":{"start":{"line":1211,"column":10},"end":{"line":1211,"column":61}},"507":{"start":{"line":1214,"column":10},"end":{"line":1219,"column":11}},"508":{"start":{"line":1216,"column":12},"end":{"line":1216,"column":65}},"509":{"start":{"line":1220,"column":10},"end":{"line":1220,"column":28}},"510":{"start":{"line":1229,"column":6},"end":{"line":1229,"column":35}},"511":{"start":{"line":1229,"column":28},"end":{"line":1229,"column":35}},"512":{"start":{"line":1232,"column":6},"end":{"line":1252,"column":7}},"513":{"start":{"line":1233,"column":8},"end":{"line":1233,"column":41}},"514":{"start":{"line":1234,"column":8},"end":{"line":1234,"column":23}},"515":{"start":{"line":1236,"column":8},"end":{"line":1251,"column":9}},"516":{"start":{"line":1237,"column":29},"end":{"line":1242,"column":11}},"517":{"start":{"line":1243,"column":10},"end":{"line":1243,"column":63}},"518":{"start":{"line":1245,"column":10},"end":{"line":1250,"column":11}},"519":{"start":{"line":1247,"column":12},"end":{"line":1247,"column":75}},"520":{"start":{"line":1254,"column":6},"end":{"line":1254,"column":30}},"521":{"start":{"line":1255,"column":6},"end":{"line":1255,"column":31}},"522":{"start":{"line":1256,"column":6},"end":{"line":1256,"column":35}},"523":{"start":{"line":1258,"column":6},"end":{"line":1258,"column":64}},"524":{"start":{"line":1259,"column":6},"end":{"line":1259,"column":66}},"525":{"start":{"line":1260,"column":6},"end":{"line":1260,"column":61}},"526":{"start":{"line":1261,"column":6},"end":{"line":1261,"column":69}},"527":{"start":{"line":1264,"column":6},"end":{"line":1266,"column":7}},"528":{"start":{"line":1265,"column":8},"end":{"line":1265,"column":55}},"529":{"start":{"line":1267,"column":6},"end":{"line":1267,"column":33}},"530":{"start":{"line":1268,"column":6},"end":{"line":1270,"column":7}},"531":{"start":{"line":1269,"column":8},"end":{"line":1269,"column":58}},"532":{"start":{"line":1273,"column":6},"end":{"line":1275,"column":7}},"533":{"start":{"line":1274,"column":8},"end":{"line":1274,"column":39}},"534":{"start":{"line":1287,"column":20},"end":{"line":1287,"column":37}},"535":{"start":{"line":1288,"column":22},"end":{"line":1288,"column":40}},"536":{"start":{"line":1290,"column":23},"end":{"line":1290,"column":50}},"537":{"start":{"line":1291,"column":23},"end":{"line":1291,"column":50}},"538":{"start":{"line":1294,"column":6},"end":{"line":1294,"column":68}},"539":{"start":{"line":1297,"column":29},"end":{"line":1297,"column":53}},"540":{"start":{"line":1298,"column":29},"end":{"line":1298,"column":58}},"541":{"start":{"line":1299,"column":6},"end":{"line":1306,"column":7}},"542":{"start":{"line":1300,"column":33},"end":{"line":1300,"column":74}},"543":{"start":{"line":1301,"column":35},"end":{"line":1301,"column":85}},"544":{"start":{"line":1302,"column":8},"end":{"line":1305,"column":9}},"545":{"start":{"line":1303,"column":10},"end":{"line":1303,"column":62}},"546":{"start":{"line":1304,"column":10},"end":{"line":1304,"column":52}},"547":{"start":{"line":1307,"column":6},"end":{"line":1307,"column":23}},"548":{"start":{"line":1316,"column":18},"end":{"line":1316,"column":19}},"549":{"start":{"line":1317,"column":6},"end":{"line":1321,"column":9}},"550":{"start":{"line":1318,"column":8},"end":{"line":1318,"column":51}},"551":{"start":{"line":1318,"column":44},"end":{"line":1318,"column":51}},"552":{"start":{"line":1319,"column":22},"end":{"line":1319,"column":48}},"553":{"start":{"line":1320,"column":8},"end":{"line":1320,"column":60}},"554":{"start":{"line":1322,"column":6},"end":{"line":1322,"column":19}},"555":{"start":{"line":1330,"column":6},"end":{"line":1337,"column":7}},"556":{"start":{"line":1331,"column":21},"end":{"line":1333,"column":16}},"557":{"start":{"line":1334,"column":8},"end":{"line":1336,"column":9}},"558":{"start":{"line":1335,"column":10},"end":{"line":1335,"column":28}},"559":{"start":{"line":1338,"column":6},"end":{"line":1340,"column":7}},"560":{"start":{"line":1339,"column":8},"end":{"line":1339,"column":33}},"561":{"start":{"line":1341,"column":6},"end":{"line":1341,"column":15}},"562":{"start":{"line":1349,"column":18},"end":{"line":1351,"column":7}},"563":{"start":{"line":1352,"column":21},"end":{"line":1352,"column":38}},"564":{"start":{"line":1353,"column":6},"end":{"line":1353,"column":44}},"565":{"start":{"line":1363,"column":25},"end":{"line":1363,"column":55}},"566":{"start":{"line":1365,"column":8},"end":{"line":1367,"column":10}},"567":{"start":{"line":1368,"column":21},"end":{"line":1368,"column":38}},"568":{"start":{"line":1369,"column":6},"end":{"line":1369,"column":41}},"569":{"start":{"line":1369,"column":27},"end":{"line":1369,"column":41}},"570":{"start":{"line":1371,"column":6},"end":{"line":1381,"column":7}},"571":{"start":{"line":1372,"column":21},"end":{"line":1374,"column":16}},"572":{"start":{"line":1375,"column":8},"end":{"line":1377,"column":9}},"573":{"start":{"line":1376,"column":10},"end":{"line":1376,"column":28}},"574":{"start":{"line":1378,"column":8},"end":{"line":1380,"column":9}},"575":{"start":{"line":1379,"column":10},"end":{"line":1379,"column":42}},"576":{"start":{"line":1383,"column":6},"end":{"line":1383,"column":15}},"577":{"start":{"line":1392,"column":6},"end":{"line":1392,"column":59}},"578":{"start":{"line":1392,"column":47},"end":{"line":1392,"column":59}},"579":{"start":{"line":1393,"column":22},"end":{"line":1393,"column":34}},"580":{"start":{"line":1394,"column":6},"end":{"line":1394,"column":47}},"581":{"start":{"line":1394,"column":35},"end":{"line":1394,"column":47}},"582":{"start":{"line":1395,"column":18},"end":{"line":1395,"column":57}},"583":{"start":{"line":1396,"column":6},"end":{"line":1396,"column":47}},"584":{"start":{"line":1401,"column":2},"end":{"line":1401,"column":39}},"585":{"start":{"line":1404,"column":2},"end":{"line":1406,"column":3}},"586":{"start":{"line":1405,"column":4},"end":{"line":1405,"column":35}}},"fnMap":{"0":{"name":"(anonymous_0)","decl":{"start":{"line":17,"column":1},"end":{"line":17,"column":2}},"loc":{"start":{"line":17,"column":19},"end":{"line":1407,"column":1}},"line":17},"1":{"name":"(anonymous_1)","decl":{"start":{"line":62,"column":4},"end":{"line":62,"column":5}},"loc":{"start":{"line":62,"column":18},"end":{"line":122,"column":5}},"line":62},"2":{"name":"(anonymous_2)","decl":{"start":{"line":119,"column":41},"end":{"line":119,"column":42}},"loc":{"start":{"line":119,"column":47},"end":{"line":119,"column":63}},"line":119},"3":{"name":"(anonymous_3)","decl":{"start":{"line":121,"column":49},"end":{"line":121,"column":50}},"loc":{"start":{"line":121,"column":55},"end":{"line":121,"column":80}},"line":121},"4":{"name":"(anonymous_4)","decl":{"start":{"line":128,"column":4},"end":{"line":128,"column":5}},"loc":{"start":{"line":128,"column":11},"end":{"line":198,"column":5}},"line":128},"5":{"name":"(anonymous_5)","decl":{"start":{"line":135,"column":17},"end":{"line":135,"column":18}},"loc":{"start":{"line":135,"column":28},"end":{"line":137,"column":9}},"line":135},"6":{"name":"(anonymous_6)","decl":{"start":{"line":141,"column":66},"end":{"line":141,"column":67}},"loc":{"start":{"line":141,"column":79},"end":{"line":143,"column":7}},"line":141},"7":{"name":"(anonymous_7)","decl":{"start":{"line":146,"column":28},"end":{"line":146,"column":29}},"loc":{"start":{"line":146,"column":41},"end":{"line":153,"column":7}},"line":146},"8":{"name":"(anonymous_8)","decl":{"start":{"line":156,"column":69},"end":{"line":156,"column":70}},"loc":{"start":{"line":156,"column":78},"end":{"line":159,"column":7}},"line":156},"9":{"name":"(anonymous_9)","decl":{"start":{"line":193,"column":28},"end":{"line":193,"column":29}},"loc":{"start":{"line":193,"column":34},"end":{"line":195,"column":7}},"line":193},"10":{"name":"(anonymous_10)","decl":{"start":{"line":204,"column":4},"end":{"line":204,"column":5}},"loc":{"start":{"line":204,"column":25},"end":{"line":227,"column":5}},"line":204},"11":{"name":"(anonymous_11)","decl":{"start":{"line":235,"column":4},"end":{"line":235,"column":5}},"loc":{"start":{"line":235,"column":26},"end":{"line":260,"column":5}},"line":235},"12":{"name":"(anonymous_12)","decl":{"start":{"line":239,"column":19},"end":{"line":239,"column":20}},"loc":{"start":{"line":239,"column":32},"end":{"line":245,"column":9}},"line":239},"13":{"name":"(anonymous_13)","decl":{"start":{"line":241,"column":31},"end":{"line":241,"column":32}},"loc":{"start":{"line":241,"column":37},"end":{"line":244,"column":11}},"line":241},"14":{"name":"(anonymous_14)","decl":{"start":{"line":246,"column":15},"end":{"line":246,"column":16}},"loc":{"start":{"line":246,"column":28},"end":{"line":252,"column":9}},"line":246},"15":{"name":"(anonymous_15)","decl":{"start":{"line":253,"column":16},"end":{"line":253,"column":17}},"loc":{"start":{"line":253,"column":22},"end":{"line":258,"column":9}},"line":253},"16":{"name":"(anonymous_16)","decl":{"start":{"line":267,"column":4},"end":{"line":267,"column":5}},"loc":{"start":{"line":267,"column":29},"end":{"line":299,"column":5}},"line":267},"17":{"name":"(anonymous_17)","decl":{"start":{"line":269,"column":47},"end":{"line":269,"column":48}},"loc":{"start":{"line":269,"column":62},"end":{"line":291,"column":7}},"line":269},"18":{"name":"(anonymous_18)","decl":{"start":{"line":315,"column":4},"end":{"line":315,"column":5}},"loc":{"start":{"line":315,"column":23},"end":{"line":356,"column":5}},"line":315},"19":{"name":"(anonymous_19)","decl":{"start":{"line":317,"column":26},"end":{"line":317,"column":27}},"loc":{"start":{"line":317,"column":37},"end":{"line":321,"column":9}},"line":317},"20":{"name":"(anonymous_20)","decl":{"start":{"line":362,"column":4},"end":{"line":362,"column":5}},"loc":{"start":{"line":362,"column":16},"end":{"line":368,"column":5}},"line":362},"21":{"name":"(anonymous_21)","decl":{"start":{"line":374,"column":4},"end":{"line":374,"column":5}},"loc":{"start":{"line":374,"column":19},"end":{"line":379,"column":5}},"line":374},"22":{"name":"(anonymous_22)","decl":{"start":{"line":390,"column":4},"end":{"line":390,"column":5}},"loc":{"start":{"line":390,"column":16},"end":{"line":406,"column":5}},"line":390},"23":{"name":"(anonymous_23)","decl":{"start":{"line":397,"column":28},"end":{"line":397,"column":29}},"loc":{"start":{"line":397,"column":34},"end":{"line":403,"column":7}},"line":397},"24":{"name":"(anonymous_24)","decl":{"start":{"line":412,"column":4},"end":{"line":412,"column":5}},"loc":{"start":{"line":412,"column":25},"end":{"line":440,"column":5}},"line":412},"25":{"name":"(anonymous_25)","decl":{"start":{"line":426,"column":23},"end":{"line":426,"column":24}},"loc":{"start":{"line":426,"column":29},"end":{"line":432,"column":9}},"line":426},"26":{"name":"(anonymous_26)","decl":{"start":{"line":446,"column":4},"end":{"line":446,"column":5}},"loc":{"start":{"line":446,"column":31},"end":{"line":469,"column":5}},"line":446},"27":{"name":"(anonymous_27)","decl":{"start":{"line":461,"column":19},"end":{"line":461,"column":20}},"loc":{"start":{"line":461,"column":25},"end":{"line":467,"column":9}},"line":461},"28":{"name":"(anonymous_28)","decl":{"start":{"line":481,"column":4},"end":{"line":481,"column":5}},"loc":{"start":{"line":481,"column":18},"end":{"line":520,"column":5}},"line":481},"29":{"name":"(anonymous_29)","decl":{"start":{"line":498,"column":34},"end":{"line":498,"column":35}},"loc":{"start":{"line":498,"column":40},"end":{"line":517,"column":7}},"line":498},"30":{"name":"(anonymous_30)","decl":{"start":{"line":499,"column":49},"end":{"line":499,"column":50}},"loc":{"start":{"line":499,"column":64},"end":{"line":512,"column":9}},"line":499},"31":{"name":"(anonymous_31)","decl":{"start":{"line":526,"column":4},"end":{"line":526,"column":5}},"loc":{"start":{"line":526,"column":28},"end":{"line":556,"column":5}},"line":526},"32":{"name":"(anonymous_32)","decl":{"start":{"line":530,"column":47},"end":{"line":530,"column":48}},"loc":{"start":{"line":530,"column":62},"end":{"line":555,"column":7}},"line":530},"33":{"name":"(anonymous_33)","decl":{"start":{"line":563,"column":4},"end":{"line":563,"column":5}},"loc":{"start":{"line":563,"column":52},"end":{"line":582,"column":5}},"line":563},"34":{"name":"(anonymous_34)","decl":{"start":{"line":589,"column":4},"end":{"line":589,"column":5}},"loc":{"start":{"line":589,"column":35},"end":{"line":600,"column":5}},"line":589},"35":{"name":"(anonymous_35)","decl":{"start":{"line":606,"column":4},"end":{"line":606,"column":5}},"loc":{"start":{"line":606,"column":29},"end":{"line":613,"column":5}},"line":606},"36":{"name":"(anonymous_36)","decl":{"start":{"line":619,"column":4},"end":{"line":619,"column":5}},"loc":{"start":{"line":619,"column":32},"end":{"line":659,"column":5}},"line":619},"37":{"name":"(anonymous_37)","decl":{"start":{"line":622,"column":47},"end":{"line":622,"column":48}},"loc":{"start":{"line":622,"column":62},"end":{"line":658,"column":7}},"line":622},"38":{"name":"(anonymous_38)","decl":{"start":{"line":665,"column":4},"end":{"line":665,"column":5}},"loc":{"start":{"line":665,"column":24},"end":{"line":672,"column":5}},"line":665},"39":{"name":"(anonymous_39)","decl":{"start":{"line":678,"column":4},"end":{"line":678,"column":5}},"loc":{"start":{"line":678,"column":26},"end":{"line":688,"column":5}},"line":678},"40":{"name":"(anonymous_40)","decl":{"start":{"line":686,"column":24},"end":{"line":686,"column":25}},"loc":{"start":{"line":686,"column":30},"end":{"line":686,"column":32}},"line":686},"41":{"name":"(anonymous_41)","decl":{"start":{"line":694,"column":4},"end":{"line":694,"column":5}},"loc":{"start":{"line":694,"column":38},"end":{"line":710,"column":5}},"line":694},"42":{"name":"(anonymous_42)","decl":{"start":{"line":698,"column":47},"end":{"line":698,"column":48}},"loc":{"start":{"line":698,"column":62},"end":{"line":709,"column":7}},"line":698},"43":{"name":"(anonymous_43)","decl":{"start":{"line":716,"column":4},"end":{"line":716,"column":5}},"loc":{"start":{"line":716,"column":33},"end":{"line":722,"column":5}},"line":716},"44":{"name":"(anonymous_44)","decl":{"start":{"line":729,"column":4},"end":{"line":729,"column":5}},"loc":{"start":{"line":729,"column":27},"end":{"line":740,"column":5}},"line":729},"45":{"name":"(anonymous_45)","decl":{"start":{"line":747,"column":4},"end":{"line":747,"column":5}},"loc":{"start":{"line":747,"column":27},"end":{"line":758,"column":5}},"line":747},"46":{"name":"(anonymous_46)","decl":{"start":{"line":765,"column":4},"end":{"line":765,"column":5}},"loc":{"start":{"line":765,"column":35},"end":{"line":786,"column":5}},"line":765},"47":{"name":"(anonymous_47)","decl":{"start":{"line":795,"column":4},"end":{"line":795,"column":5}},"loc":{"start":{"line":795,"column":30},"end":{"line":806,"column":5}},"line":795},"48":{"name":"(anonymous_48)","decl":{"start":{"line":796,"column":47},"end":{"line":796,"column":48}},"loc":{"start":{"line":796,"column":62},"end":{"line":805,"column":7}},"line":796},"49":{"name":"(anonymous_49)","decl":{"start":{"line":813,"column":4},"end":{"line":813,"column":5}},"loc":{"start":{"line":813,"column":37},"end":{"line":821,"column":5}},"line":813},"50":{"name":"(anonymous_50)","decl":{"start":{"line":827,"column":4},"end":{"line":827,"column":5}},"loc":{"start":{"line":827,"column":39},"end":{"line":840,"column":5}},"line":827},"51":{"name":"(anonymous_51)","decl":{"start":{"line":846,"column":4},"end":{"line":846,"column":5}},"loc":{"start":{"line":846,"column":40},"end":{"line":853,"column":5}},"line":846},"52":{"name":"(anonymous_52)","decl":{"start":{"line":861,"column":4},"end":{"line":861,"column":5}},"loc":{"start":{"line":861,"column":49},"end":{"line":873,"column":5}},"line":861},"53":{"name":"(anonymous_53)","decl":{"start":{"line":884,"column":4},"end":{"line":884,"column":5}},"loc":{"start":{"line":884,"column":43},"end":{"line":934,"column":5}},"line":884},"54":{"name":"(anonymous_54)","decl":{"start":{"line":940,"column":4},"end":{"line":940,"column":5}},"loc":{"start":{"line":940,"column":41},"end":{"line":973,"column":5}},"line":940},"55":{"name":"(anonymous_55)","decl":{"start":{"line":979,"column":4},"end":{"line":979,"column":5}},"loc":{"start":{"line":979,"column":24},"end":{"line":990,"column":5}},"line":979},"56":{"name":"(anonymous_56)","decl":{"start":{"line":982,"column":47},"end":{"line":982,"column":48}},"loc":{"start":{"line":982,"column":62},"end":{"line":988,"column":7}},"line":982},"57":{"name":"(anonymous_57)","decl":{"start":{"line":997,"column":4},"end":{"line":997,"column":5}},"loc":{"start":{"line":997,"column":38},"end":{"line":1014,"column":5}},"line":997},"58":{"name":"(anonymous_58)","decl":{"start":{"line":1020,"column":4},"end":{"line":1020,"column":5}},"loc":{"start":{"line":1020,"column":27},"end":{"line":1029,"column":5}},"line":1020},"59":{"name":"(anonymous_59)","decl":{"start":{"line":1034,"column":4},"end":{"line":1034,"column":5}},"loc":{"start":{"line":1034,"column":21},"end":{"line":1040,"column":5}},"line":1034},"60":{"name":"(anonymous_60)","decl":{"start":{"line":1051,"column":4},"end":{"line":1051,"column":5}},"loc":{"start":{"line":1051,"column":25},"end":{"line":1078,"column":5}},"line":1051},"61":{"name":"(anonymous_61)","decl":{"start":{"line":1084,"column":4},"end":{"line":1084,"column":5}},"loc":{"start":{"line":1084,"column":41},"end":{"line":1095,"column":5}},"line":1084},"62":{"name":"(anonymous_62)","decl":{"start":{"line":1101,"column":4},"end":{"line":1101,"column":5}},"loc":{"start":{"line":1101,"column":36},"end":{"line":1113,"column":5}},"line":1101},"63":{"name":"(anonymous_63)","decl":{"start":{"line":1119,"column":4},"end":{"line":1119,"column":5}},"loc":{"start":{"line":1119,"column":24},"end":{"line":1146,"column":5}},"line":1119},"64":{"name":"(anonymous_64)","decl":{"start":{"line":1152,"column":4},"end":{"line":1152,"column":5}},"loc":{"start":{"line":1152,"column":19},"end":{"line":1188,"column":5}},"line":1152},"65":{"name":"(anonymous_65)","decl":{"start":{"line":1194,"column":4},"end":{"line":1194,"column":5}},"loc":{"start":{"line":1194,"column":14},"end":{"line":1223,"column":5}},"line":1194},"66":{"name":"(anonymous_66)","decl":{"start":{"line":1200,"column":41},"end":{"line":1200,"column":42}},"loc":{"start":{"line":1200,"column":47},"end":{"line":1222,"column":7}},"line":1200},"67":{"name":"(anonymous_67)","decl":{"start":{"line":1228,"column":4},"end":{"line":1228,"column":5}},"loc":{"start":{"line":1228,"column":17},"end":{"line":1276,"column":5}},"line":1228},"68":{"name":"(anonymous_68)","decl":{"start":{"line":1286,"column":4},"end":{"line":1286,"column":5}},"loc":{"start":{"line":1286,"column":63},"end":{"line":1308,"column":5}},"line":1286},"69":{"name":"(anonymous_69)","decl":{"start":{"line":1315,"column":4},"end":{"line":1315,"column":5}},"loc":{"start":{"line":1315,"column":48},"end":{"line":1323,"column":5}},"line":1315},"70":{"name":"(anonymous_70)","decl":{"start":{"line":1317,"column":47},"end":{"line":1317,"column":48}},"loc":{"start":{"line":1317,"column":62},"end":{"line":1321,"column":7}},"line":1317},"71":{"name":"(anonymous_71)","decl":{"start":{"line":1329,"column":4},"end":{"line":1329,"column":5}},"loc":{"start":{"line":1329,"column":24},"end":{"line":1342,"column":5}},"line":1329},"72":{"name":"(anonymous_72)","decl":{"start":{"line":1348,"column":4},"end":{"line":1348,"column":5}},"loc":{"start":{"line":1348,"column":29},"end":{"line":1354,"column":5}},"line":1348},"73":{"name":"(anonymous_73)","decl":{"start":{"line":1362,"column":4},"end":{"line":1362,"column":5}},"loc":{"start":{"line":1362,"column":43},"end":{"line":1384,"column":5}},"line":1362},"74":{"name":"(anonymous_74)","decl":{"start":{"line":1391,"column":4},"end":{"line":1391,"column":5}},"loc":{"start":{"line":1391,"column":19},"end":{"line":1397,"column":5}},"line":1391}},"branchMap":{"0":{"loc":{"start":{"line":166,"column":6},"end":{"line":172,"column":7}},"type":"if","locations":[{"start":{"line":166,"column":6},"end":{"line":172,"column":7}},{"start":{},"end":{}}],"line":166},"1":{"loc":{"start":{"line":175,"column":6},"end":{"line":181,"column":7}},"type":"if","locations":[{"start":{"line":175,"column":6},"end":{"line":181,"column":7}},{"start":{},"end":{}}],"line":175},"2":{"loc":{"start":{"line":175,"column":10},"end":{"line":175,"column":65}},"type":"binary-expr","locations":[{"start":{"line":175,"column":10},"end":{"line":175,"column":16}},{"start":{"line":175,"column":20},"end":{"line":175,"column":65}}],"line":175},"3":{"loc":{"start":{"line":176,"column":8},"end":{"line":178,"column":9}},"type":"if","locations":[{"start":{"line":176,"column":8},"end":{"line":178,"column":9}},{"start":{},"end":{}}],"line":176},"4":{"loc":{"start":{"line":184,"column":6},"end":{"line":190,"column":7}},"type":"if","locations":[{"start":{"line":184,"column":6},"end":{"line":190,"column":7}},{"start":{},"end":{}}],"line":184},"5":{"loc":{"start":{"line":184,"column":10},"end":{"line":184,"column":65}},"type":"binary-expr","locations":[{"start":{"line":184,"column":10},"end":{"line":184,"column":16}},{"start":{"line":184,"column":20},"end":{"line":184,"column":65}}],"line":184},"6":{"loc":{"start":{"line":185,"column":8},"end":{"line":187,"column":9}},"type":"if","locations":[{"start":{"line":185,"column":8},"end":{"line":187,"column":9}},{"start":{},"end":{}}],"line":185},"7":{"loc":{"start":{"line":206,"column":8},"end":{"line":208,"column":9}},"type":"if","locations":[{"start":{"line":206,"column":8},"end":{"line":208,"column":9}},{"start":{},"end":{}}],"line":206},"8":{"loc":{"start":{"line":206,"column":12},"end":{"line":206,"column":63}},"type":"binary-expr","locations":[{"start":{"line":206,"column":12},"end":{"line":206,"column":18}},{"start":{"line":206,"column":22},"end":{"line":206,"column":63}}],"line":206},"9":{"loc":{"start":{"line":211,"column":8},"end":{"line":217,"column":9}},"type":"if","locations":[{"start":{"line":211,"column":8},"end":{"line":217,"column":9}},{"start":{},"end":{}}],"line":211},"10":{"loc":{"start":{"line":214,"column":10},"end":{"line":216,"column":11}},"type":"if","locations":[{"start":{"line":214,"column":10},"end":{"line":216,"column":11}},{"start":{},"end":{}}],"line":214},"11":{"loc":{"start":{"line":240,"column":10},"end":{"line":240,"column":45}},"type":"if","locations":[{"start":{"line":240,"column":10},"end":{"line":240,"column":45}},{"start":{},"end":{}}],"line":240},"12":{"loc":{"start":{"line":247,"column":10},"end":{"line":250,"column":11}},"type":"if","locations":[{"start":{"line":247,"column":10},"end":{"line":250,"column":11}},{"start":{},"end":{}}],"line":247},"13":{"loc":{"start":{"line":254,"column":10},"end":{"line":257,"column":11}},"type":"if","locations":[{"start":{"line":254,"column":10},"end":{"line":257,"column":11}},{"start":{},"end":{}}],"line":254},"14":{"loc":{"start":{"line":275,"column":10},"end":{"line":277,"column":12}},"type":"binary-expr","locations":[{"start":{"line":275,"column":11},"end":{"line":275,"column":19}},{"start":{"line":276,"column":12},"end":{"line":276,"column":81}},{"start":{"line":277,"column":10},"end":{"line":277,"column":12}}],"line":275},"15":{"loc":{"start":{"line":282,"column":25},"end":{"line":282,"column":88}},"type":"cond-expr","locations":[{"start":{"line":282,"column":48},"end":{"line":282,"column":59}},{"start":{"line":282,"column":62},"end":{"line":282,"column":88}}],"line":282},"16":{"loc":{"start":{"line":286,"column":10},"end":{"line":288,"column":48}},"type":"binary-expr","locations":[{"start":{"line":286,"column":10},"end":{"line":286,"column":17}},{"start":{"line":287,"column":10},"end":{"line":287,"column":47}},{"start":{"line":288,"column":10},"end":{"line":288,"column":48}}],"line":286},"17":{"loc":{"start":{"line":295,"column":16},"end":{"line":295,"column":33}},"type":"binary-expr","locations":[{"start":{"line":295,"column":16},"end":{"line":295,"column":22}},{"start":{"line":295,"column":26},"end":{"line":295,"column":33}}],"line":295},"18":{"loc":{"start":{"line":318,"column":10},"end":{"line":318,"column":65}},"type":"if","locations":[{"start":{"line":318,"column":10},"end":{"line":318,"column":65}},{"start":{},"end":{}}],"line":318},"19":{"loc":{"start":{"line":318,"column":14},"end":{"line":318,"column":51}},"type":"binary-expr","locations":[{"start":{"line":318,"column":14},"end":{"line":318,"column":28}},{"start":{"line":318,"column":32},"end":{"line":318,"column":51}}],"line":318},"20":{"loc":{"start":{"line":320,"column":17},"end":{"line":320,"column":35}},"type":"cond-expr","locations":[{"start":{"line":320,"column":24},"end":{"line":320,"column":28}},{"start":{"line":320,"column":31},"end":{"line":320,"column":35}}],"line":320},"21":{"loc":{"start":{"line":324,"column":8},"end":{"line":345,"column":9}},"type":"if","locations":[{"start":{"line":324,"column":8},"end":{"line":345,"column":9}},{"start":{},"end":{}}],"line":324},"22":{"loc":{"start":{"line":326,"column":12},"end":{"line":326,"column":88}},"type":"cond-expr","locations":[{"start":{"line":326,"column":53},"end":{"line":326,"column":81}},{"start":{"line":326,"column":84},"end":{"line":326,"column":88}}],"line":326},"23":{"loc":{"start":{"line":326,"column":12},"end":{"line":326,"column":50}},"type":"binary-expr","locations":[{"start":{"line":326,"column":12},"end":{"line":326,"column":25}},{"start":{"line":326,"column":29},"end":{"line":326,"column":50}}],"line":326},"24":{"loc":{"start":{"line":328,"column":10},"end":{"line":328,"column":56}},"type":"if","locations":[{"start":{"line":328,"column":10},"end":{"line":328,"column":56}},{"start":{},"end":{}}],"line":328},"25":{"loc":{"start":{"line":331,"column":12},"end":{"line":333,"column":20}},"type":"cond-expr","locations":[{"start":{"line":332,"column":16},"end":{"line":332,"column":55}},{"start":{"line":333,"column":16},"end":{"line":333,"column":20}}],"line":331},"26":{"loc":{"start":{"line":331,"column":12},"end":{"line":331,"column":72}},"type":"binary-expr","locations":[{"start":{"line":331,"column":12},"end":{"line":331,"column":36}},{"start":{"line":331,"column":40},"end":{"line":331,"column":72}}],"line":331},"27":{"loc":{"start":{"line":335,"column":10},"end":{"line":335,"column":56}},"type":"if","locations":[{"start":{"line":335,"column":10},"end":{"line":335,"column":56}},{"start":{},"end":{}}],"line":335},"28":{"loc":{"start":{"line":339,"column":12},"end":{"line":341,"column":20}},"type":"cond-expr","locations":[{"start":{"line":340,"column":16},"end":{"line":340,"column":70}},{"start":{"line":341,"column":16},"end":{"line":341,"column":20}}],"line":339},"29":{"loc":{"start":{"line":342,"column":25},"end":{"line":342,"column":67}},"type":"cond-expr","locations":[{"start":{"line":342,"column":32},"end":{"line":342,"column":60}},{"start":{"line":342,"column":63},"end":{"line":342,"column":67}}],"line":342},"30":{"loc":{"start":{"line":344,"column":10},"end":{"line":344,"column":56}},"type":"if","locations":[{"start":{"line":344,"column":10},"end":{"line":344,"column":56}},{"start":{},"end":{}}],"line":344},"31":{"loc":{"start":{"line":348,"column":25},"end":{"line":348,"column":61}},"type":"cond-expr","locations":[{"start":{"line":348,"column":34},"end":{"line":348,"column":54}},{"start":{"line":348,"column":57},"end":{"line":348,"column":61}}],"line":348},"32":{"loc":{"start":{"line":350,"column":8},"end":{"line":350,"column":58}},"type":"if","locations":[{"start":{"line":350,"column":8},"end":{"line":350,"column":58}},{"start":{},"end":{}}],"line":350},"33":{"loc":{"start":{"line":363,"column":6},"end":{"line":363,"column":91}},"type":"if","locations":[{"start":{"line":363,"column":6},"end":{"line":363,"column":91}},{"start":{},"end":{}}],"line":363},"34":{"loc":{"start":{"line":363,"column":10},"end":{"line":363,"column":76}},"type":"binary-expr","locations":[{"start":{"line":363,"column":10},"end":{"line":363,"column":28}},{"start":{"line":363,"column":32},"end":{"line":363,"column":76}}],"line":363},"35":{"loc":{"start":{"line":365,"column":21},"end":{"line":365,"column":55}},"type":"binary-expr","locations":[{"start":{"line":365,"column":21},"end":{"line":365,"column":44}},{"start":{"line":365,"column":48},"end":{"line":365,"column":55}}],"line":365},"36":{"loc":{"start":{"line":375,"column":6},"end":{"line":375,"column":55}},"type":"if","locations":[{"start":{"line":375,"column":6},"end":{"line":375,"column":55}},{"start":{},"end":{}}],"line":375},"37":{"loc":{"start":{"line":391,"column":6},"end":{"line":391,"column":91}},"type":"if","locations":[{"start":{"line":391,"column":6},"end":{"line":391,"column":91}},{"start":{},"end":{}}],"line":391},"38":{"loc":{"start":{"line":391,"column":10},"end":{"line":391,"column":76}},"type":"binary-expr","locations":[{"start":{"line":391,"column":10},"end":{"line":391,"column":28}},{"start":{"line":391,"column":32},"end":{"line":391,"column":76}}],"line":391},"39":{"loc":{"start":{"line":393,"column":21},"end":{"line":393,"column":55}},"type":"binary-expr","locations":[{"start":{"line":393,"column":21},"end":{"line":393,"column":44}},{"start":{"line":393,"column":48},"end":{"line":393,"column":55}}],"line":393},"40":{"loc":{"start":{"line":395,"column":6},"end":{"line":395,"column":48}},"type":"if","locations":[{"start":{"line":395,"column":6},"end":{"line":395,"column":48}},{"start":{},"end":{}}],"line":395},"41":{"loc":{"start":{"line":395,"column":10},"end":{"line":395,"column":33}},"type":"binary-expr","locations":[{"start":{"line":395,"column":10},"end":{"line":395,"column":16}},{"start":{"line":395,"column":20},"end":{"line":395,"column":33}}],"line":395},"42":{"loc":{"start":{"line":414,"column":8},"end":{"line":416,"column":16}},"type":"cond-expr","locations":[{"start":{"line":415,"column":12},"end":{"line":415,"column":36}},{"start":{"line":416,"column":12},"end":{"line":416,"column":16}}],"line":414},"43":{"loc":{"start":{"line":414,"column":8},"end":{"line":414,"column":67}},"type":"binary-expr","locations":[{"start":{"line":414,"column":8},"end":{"line":414,"column":39}},{"start":{"line":414,"column":43},"end":{"line":414,"column":67}}],"line":414},"44":{"loc":{"start":{"line":417,"column":6},"end":{"line":420,"column":7}},"type":"if","locations":[{"start":{"line":417,"column":6},"end":{"line":420,"column":7}},{"start":{},"end":{}}],"line":417},"45":{"loc":{"start":{"line":417,"column":10},"end":{"line":417,"column":34}},"type":"binary-expr","locations":[{"start":{"line":417,"column":10},"end":{"line":417,"column":15}},{"start":{"line":417,"column":19},"end":{"line":417,"column":34}}],"line":417},"46":{"loc":{"start":{"line":434,"column":8},"end":{"line":438,"column":9}},"type":"if","locations":[{"start":{"line":434,"column":8},"end":{"line":438,"column":9}},{"start":{"line":436,"column":15},"end":{"line":438,"column":9}}],"line":434},"47":{"loc":{"start":{"line":448,"column":8},"end":{"line":450,"column":16}},"type":"cond-expr","locations":[{"start":{"line":449,"column":12},"end":{"line":449,"column":36}},{"start":{"line":450,"column":12},"end":{"line":450,"column":16}}],"line":448},"48":{"loc":{"start":{"line":448,"column":8},"end":{"line":448,"column":67}},"type":"binary-expr","locations":[{"start":{"line":448,"column":8},"end":{"line":448,"column":39}},{"start":{"line":448,"column":43},"end":{"line":448,"column":67}}],"line":448},"49":{"loc":{"start":{"line":451,"column":6},"end":{"line":454,"column":7}},"type":"if","locations":[{"start":{"line":451,"column":6},"end":{"line":454,"column":7}},{"start":{},"end":{}}],"line":451},"50":{"loc":{"start":{"line":451,"column":10},"end":{"line":451,"column":34}},"type":"binary-expr","locations":[{"start":{"line":451,"column":10},"end":{"line":451,"column":15}},{"start":{"line":451,"column":19},"end":{"line":451,"column":34}}],"line":451},"51":{"loc":{"start":{"line":483,"column":6},"end":{"line":485,"column":7}},"type":"if","locations":[{"start":{"line":483,"column":6},"end":{"line":485,"column":7}},{"start":{},"end":{}}],"line":483},"52":{"loc":{"start":{"line":483,"column":10},"end":{"line":483,"column":79}},"type":"binary-expr","locations":[{"start":{"line":483,"column":10},"end":{"line":483,"column":28}},{"start":{"line":483,"column":32},"end":{"line":483,"column":79}}],"line":483},"53":{"loc":{"start":{"line":487,"column":21},"end":{"line":487,"column":55}},"type":"binary-expr","locations":[{"start":{"line":487,"column":21},"end":{"line":487,"column":44}},{"start":{"line":487,"column":48},"end":{"line":487,"column":55}}],"line":487},"54":{"loc":{"start":{"line":489,"column":8},"end":{"line":491,"column":9}},"type":"if","locations":[{"start":{"line":489,"column":8},"end":{"line":491,"column":9}},{"start":{},"end":{}}],"line":489},"55":{"loc":{"start":{"line":489,"column":12},"end":{"line":489,"column":78}},"type":"binary-expr","locations":[{"start":{"line":489,"column":12},"end":{"line":489,"column":29}},{"start":{"line":489,"column":33},"end":{"line":489,"column":78}}],"line":489},"56":{"loc":{"start":{"line":501,"column":10},"end":{"line":501,"column":29}},"type":"if","locations":[{"start":{"line":501,"column":10},"end":{"line":501,"column":29}},{"start":{},"end":{}}],"line":501},"57":{"loc":{"start":{"line":527,"column":21},"end":{"line":527,"column":64}},"type":"cond-expr","locations":[{"start":{"line":527,"column":45},"end":{"line":527,"column":57}},{"start":{"line":527,"column":60},"end":{"line":527,"column":64}}],"line":527},"58":{"loc":{"start":{"line":527,"column":21},"end":{"line":527,"column":42}},"type":"binary-expr","locations":[{"start":{"line":527,"column":21},"end":{"line":527,"column":26}},{"start":{"line":527,"column":30},"end":{"line":527,"column":42}}],"line":527},"59":{"loc":{"start":{"line":528,"column":6},"end":{"line":528,"column":26}},"type":"if","locations":[{"start":{"line":528,"column":6},"end":{"line":528,"column":26}},{"start":{},"end":{}}],"line":528},"60":{"loc":{"start":{"line":533,"column":8},"end":{"line":533,"column":42}},"type":"if","locations":[{"start":{"line":533,"column":8},"end":{"line":533,"column":42}},{"start":{},"end":{}}],"line":533},"61":{"loc":{"start":{"line":533,"column":12},"end":{"line":533,"column":33}},"type":"binary-expr","locations":[{"start":{"line":533,"column":12},"end":{"line":533,"column":18}},{"start":{"line":533,"column":22},"end":{"line":533,"column":33}}],"line":533},"62":{"loc":{"start":{"line":537,"column":8},"end":{"line":542,"column":9}},"type":"if","locations":[{"start":{"line":537,"column":8},"end":{"line":542,"column":9}},{"start":{},"end":{}}],"line":537},"63":{"loc":{"start":{"line":548,"column":8},"end":{"line":554,"column":9}},"type":"if","locations":[{"start":{"line":548,"column":8},"end":{"line":554,"column":9}},{"start":{"line":551,"column":15},"end":{"line":554,"column":9}}],"line":548},"64":{"loc":{"start":{"line":565,"column":6},"end":{"line":565,"column":25}},"type":"if","locations":[{"start":{"line":565,"column":6},"end":{"line":565,"column":25}},{"start":{},"end":{}}],"line":565},"65":{"loc":{"start":{"line":568,"column":6},"end":{"line":568,"column":23}},"type":"if","locations":[{"start":{"line":568,"column":6},"end":{"line":568,"column":23}},{"start":{},"end":{}}],"line":568},"66":{"loc":{"start":{"line":570,"column":6},"end":{"line":576,"column":7}},"type":"if","locations":[{"start":{"line":570,"column":6},"end":{"line":576,"column":7}},{"start":{},"end":{}}],"line":570},"67":{"loc":{"start":{"line":590,"column":6},"end":{"line":599,"column":7}},"type":"switch","locations":[{"start":{"line":591,"column":8},"end":{"line":592,"column":22}},{"start":{"line":593,"column":8},"end":{"line":594,"column":22}},{"start":{"line":595,"column":8},"end":{"line":596,"column":24}},{"start":{"line":597,"column":8},"end":{"line":598,"column":22}}],"line":590},"68":{"loc":{"start":{"line":607,"column":18},"end":{"line":607,"column":63}},"type":"cond-expr","locations":[{"start":{"line":607,"column":41},"end":{"line":607,"column":56}},{"start":{"line":607,"column":59},"end":{"line":607,"column":63}}],"line":607},"69":{"loc":{"start":{"line":607,"column":18},"end":{"line":607,"column":38}},"type":"binary-expr","locations":[{"start":{"line":607,"column":18},"end":{"line":607,"column":19}},{"start":{"line":607,"column":23},"end":{"line":607,"column":38}}],"line":607},"70":{"loc":{"start":{"line":608,"column":24},"end":{"line":608,"column":69}},"type":"cond-expr","locations":[{"start":{"line":608,"column":45},"end":{"line":608,"column":62}},{"start":{"line":608,"column":65},"end":{"line":608,"column":69}}],"line":608},"71":{"loc":{"start":{"line":608,"column":24},"end":{"line":608,"column":42}},"type":"binary-expr","locations":[{"start":{"line":608,"column":24},"end":{"line":608,"column":27}},{"start":{"line":608,"column":31},"end":{"line":608,"column":42}}],"line":608},"72":{"loc":{"start":{"line":609,"column":6},"end":{"line":609,"column":29}},"type":"if","locations":[{"start":{"line":609,"column":6},"end":{"line":609,"column":29}},{"start":{},"end":{}}],"line":609},"73":{"loc":{"start":{"line":624,"column":8},"end":{"line":624,"column":27}},"type":"if","locations":[{"start":{"line":624,"column":8},"end":{"line":624,"column":27}},{"start":{},"end":{}}],"line":624},"74":{"loc":{"start":{"line":629,"column":8},"end":{"line":650,"column":9}},"type":"if","locations":[{"start":{"line":629,"column":8},"end":{"line":650,"column":9}},{"start":{},"end":{}}],"line":629},"75":{"loc":{"start":{"line":666,"column":24},"end":{"line":666,"column":69}},"type":"cond-expr","locations":[{"start":{"line":666,"column":47},"end":{"line":666,"column":62}},{"start":{"line":666,"column":65},"end":{"line":666,"column":69}}],"line":666},"76":{"loc":{"start":{"line":666,"column":24},"end":{"line":666,"column":44}},"type":"binary-expr","locations":[{"start":{"line":666,"column":24},"end":{"line":666,"column":25}},{"start":{"line":666,"column":29},"end":{"line":666,"column":44}}],"line":666},"77":{"loc":{"start":{"line":667,"column":24},"end":{"line":667,"column":87}},"type":"cond-expr","locations":[{"start":{"line":667,"column":57},"end":{"line":667,"column":80}},{"start":{"line":667,"column":83},"end":{"line":667,"column":87}}],"line":667},"78":{"loc":{"start":{"line":667,"column":24},"end":{"line":667,"column":54}},"type":"binary-expr","locations":[{"start":{"line":667,"column":24},"end":{"line":667,"column":33}},{"start":{"line":667,"column":37},"end":{"line":667,"column":54}}],"line":667},"79":{"loc":{"start":{"line":668,"column":6},"end":{"line":668,"column":29}},"type":"if","locations":[{"start":{"line":668,"column":6},"end":{"line":668,"column":29}},{"start":{},"end":{}}],"line":668},"80":{"loc":{"start":{"line":679,"column":6},"end":{"line":679,"column":21}},"type":"if","locations":[{"start":{"line":679,"column":6},"end":{"line":679,"column":21}},{"start":{},"end":{}}],"line":679},"81":{"loc":{"start":{"line":681,"column":6},"end":{"line":681,"column":49}},"type":"if","locations":[{"start":{"line":681,"column":6},"end":{"line":681,"column":49}},{"start":{},"end":{}}],"line":681},"82":{"loc":{"start":{"line":681,"column":10},"end":{"line":681,"column":40}},"type":"binary-expr","locations":[{"start":{"line":681,"column":10},"end":{"line":681,"column":25}},{"start":{"line":681,"column":29},"end":{"line":681,"column":40}}],"line":681},"83":{"loc":{"start":{"line":701,"column":8},"end":{"line":701,"column":41}},"type":"if","locations":[{"start":{"line":701,"column":8},"end":{"line":701,"column":41}},{"start":{},"end":{}}],"line":701},"84":{"loc":{"start":{"line":701,"column":12},"end":{"line":701,"column":32}},"type":"binary-expr","locations":[{"start":{"line":701,"column":12},"end":{"line":701,"column":18}},{"start":{"line":701,"column":22},"end":{"line":701,"column":32}}],"line":701},"85":{"loc":{"start":{"line":703,"column":8},"end":{"line":708,"column":9}},"type":"if","locations":[{"start":{"line":703,"column":8},"end":{"line":708,"column":9}},{"start":{"line":706,"column":15},"end":{"line":708,"column":9}}],"line":703},"86":{"loc":{"start":{"line":721,"column":13},"end":{"line":721,"column":42}},"type":"cond-expr","locations":[{"start":{"line":721,"column":31},"end":{"line":721,"column":37}},{"start":{"line":721,"column":40},"end":{"line":721,"column":42}}],"line":721},"87":{"loc":{"start":{"line":730,"column":6},"end":{"line":739,"column":7}},"type":"switch","locations":[{"start":{"line":731,"column":8},"end":{"line":732,"column":21}},{"start":{"line":733,"column":8},"end":{"line":734,"column":21}},{"start":{"line":735,"column":8},"end":{"line":736,"column":21}},{"start":{"line":737,"column":8},"end":{"line":738,"column":21}}],"line":730},"88":{"loc":{"start":{"line":748,"column":6},"end":{"line":757,"column":7}},"type":"switch","locations":[{"start":{"line":749,"column":8},"end":{"line":750,"column":21}},{"start":{"line":751,"column":8},"end":{"line":752,"column":21}},{"start":{"line":753,"column":8},"end":{"line":754,"column":21}},{"start":{"line":755,"column":8},"end":{"line":756,"column":21}}],"line":748},"89":{"loc":{"start":{"line":766,"column":6},"end":{"line":766,"column":67}},"type":"if","locations":[{"start":{"line":766,"column":6},"end":{"line":766,"column":67}},{"start":{},"end":{}}],"line":766},"90":{"loc":{"start":{"line":766,"column":10},"end":{"line":766,"column":58}},"type":"binary-expr","locations":[{"start":{"line":766,"column":10},"end":{"line":766,"column":16}},{"start":{"line":766,"column":20},"end":{"line":766,"column":34}},{"start":{"line":766,"column":38},"end":{"line":766,"column":58}}],"line":766},"91":{"loc":{"start":{"line":767,"column":6},"end":{"line":767,"column":67}},"type":"if","locations":[{"start":{"line":767,"column":6},"end":{"line":767,"column":67}},{"start":{},"end":{}}],"line":767},"92":{"loc":{"start":{"line":767,"column":10},"end":{"line":767,"column":58}},"type":"binary-expr","locations":[{"start":{"line":767,"column":10},"end":{"line":767,"column":35}},{"start":{"line":767,"column":39},"end":{"line":767,"column":58}}],"line":767},"93":{"loc":{"start":{"line":771,"column":6},"end":{"line":771,"column":30}},"type":"if","locations":[{"start":{"line":771,"column":6},"end":{"line":771,"column":30}},{"start":{},"end":{}}],"line":771},"94":{"loc":{"start":{"line":777,"column":6},"end":{"line":779,"column":7}},"type":"if","locations":[{"start":{"line":777,"column":6},"end":{"line":779,"column":7}},{"start":{},"end":{}}],"line":777},"95":{"loc":{"start":{"line":777,"column":10},"end":{"line":777,"column":66}},"type":"binary-expr","locations":[{"start":{"line":777,"column":10},"end":{"line":777,"column":24}},{"start":{"line":777,"column":28},"end":{"line":777,"column":66}}],"line":777},"96":{"loc":{"start":{"line":783,"column":6},"end":{"line":785,"column":7}},"type":"if","locations":[{"start":{"line":783,"column":6},"end":{"line":785,"column":7}},{"start":{},"end":{}}],"line":783},"97":{"loc":{"start":{"line":798,"column":8},"end":{"line":798,"column":27}},"type":"if","locations":[{"start":{"line":798,"column":8},"end":{"line":798,"column":27}},{"start":{},"end":{}}],"line":798},"98":{"loc":{"start":{"line":800,"column":8},"end":{"line":804,"column":9}},"type":"if","locations":[{"start":{"line":800,"column":8},"end":{"line":804,"column":9}},{"start":{"line":802,"column":15},"end":{"line":804,"column":9}}],"line":800},"99":{"loc":{"start":{"line":815,"column":6},"end":{"line":815,"column":32}},"type":"if","locations":[{"start":{"line":815,"column":6},"end":{"line":815,"column":32}},{"start":{},"end":{}}],"line":815},"100":{"loc":{"start":{"line":819,"column":6},"end":{"line":819,"column":39}},"type":"if","locations":[{"start":{"line":819,"column":6},"end":{"line":819,"column":39}},{"start":{},"end":{}}]
[...]
:{"line":161,"column":10},"end":{"line":161,"column":29}},"57":{"start":{"line":165,"column":8},"end":{"line":170,"column":9}},"58":{"start":{"line":167,"column":10},"end":{"line":167,"column":73}},"59":{"start":{"line":171,"column":8},"end":{"line":171,"column":20}},"60":{"start":{"line":174,"column":23},"end":{"line":174,"column":43}},"61":{"start":{"line":175,"column":6},"end":{"line":188,"column":7}},"62":{"start":{"line":176,"column":8},"end":{"line":180,"column":9}},"63":{"start":{"line":177,"column":10},"end":{"line":177,"column":29}},"64":{"start":{"line":181,"column":8},"end":{"line":186,"column":9}},"65":{"start":{"line":183,"column":10},"end":{"line":183,"column":88}},"66":{"start":{"line":187,"column":8},"end":{"line":187,"column":20}},"67":{"start":{"line":190,"column":6},"end":{"line":190,"column":22}},"68":{"start":{"line":199,"column":6},"end":{"line":206,"column":7}},"69":{"start":{"line":200,"column":24},"end":{"line":200,"column":41}},"70":{"start":{"line":201,"column":8},"end":{"line":201,"column":29}},"71":{"start":{"line":201,"column":22},"end":{"line":201,"column":29}},"72":{"start":{"line":202,"column":20},"end":{"line":202,"column":46}},"73":{"start":{"line":203,"column":8},"end":{"line":203,"column":32}},"74":{"start":{"line":215,"column":6},"end":{"line":215,"column":31}},"75":{"start":{"line":215,"column":18},"end":{"line":215,"column":31}},"76":{"start":{"line":216,"column":19},"end":{"line":216,"column":67}},"77":{"start":{"line":217,"column":6},"end":{"line":217,"column":53}},"78":{"start":{"line":217,"column":41},"end":{"line":217,"column":53}},"79":{"start":{"line":218,"column":6},"end":{"line":218,"column":61}},"80":{"start":{"line":218,"column":49},"end":{"line":218,"column":61}},"81":{"start":{"line":219,"column":19},"end":{"line":219,"column":69}},"82":{"start":{"line":221,"column":6},"end":{"line":221,"column":42}},"83":{"start":{"line":230,"column":22},"end":{"line":230,"column":39}},"84":{"start":{"line":231,"column":6},"end":{"line":231,"column":27}},"85":{"start":{"line":231,"column":20},"end":{"line":231,"column":27}},"86":{"start":{"line":233,"column":19},"end":{"line":233,"column":21}},"87":{"start":{"line":234,"column":6},"end":{"line":244,"column":7}},"88":{"start":{"line":235,"column":8},"end":{"line":241,"column":9}},"89":{"start":{"line":235,"column":21},"end":{"line":235,"column":22}},"90":{"start":{"line":236,"column":20},"end":{"line":236,"column":34}},"91":{"start":{"line":237,"column":10},"end":{"line":237,"column":27}},"92":{"start":{"line":237,"column":18},"end":{"line":237,"column":27}},"93":{"start":{"line":238,"column":10},"end":{"line":238,"column":58}},"94":{"start":{"line":238,"column":49},"end":{"line":238,"column":58}},"95":{"start":{"line":239,"column":10},"end":{"line":239,"column":55}},"96":{"start":{"line":239,"column":46},"end":{"line":239,"column":55}},"97":{"start":{"line":240,"column":10},"end":{"line":240,"column":23}},"98":{"start":{"line":247,"column":20},"end":{"line":259,"column":8}},"99":{"start":{"line":248,"column":17},"end":{"line":248,"column":18}},"100":{"start":{"line":249,"column":8},"end":{"line":257,"column":9}},"101":{"start":{"line":250,"column":22},"end":{"line":250,"column":40}},"102":{"start":{"line":251,"column":10},"end":{"line":254,"column":11}},"103":{"start":{"line":252,"column":27},"end":{"line":252,"column":42}},"104":{"start":{"line":253,"column":12},"end":{"line":253,"column":87}},"105":{"start":{"line":256,"column":10},"end":{"line":256,"column":17}},"106":{"start":{"line":258,"column":8},"end":{"line":258,"column":30}},"107":{"start":{"line":261,"column":6},"end":{"line":261,"column":40}},"108":{"start":{"line":261,"column":27},"end":{"line":261,"column":38}},"109":{"start":{"line":263,"column":6},"end":{"line":269,"column":9}},"110":{"start":{"line":264,"column":8},"end":{"line":268,"column":9}},"111":{"start":{"line":265,"column":10},"end":{"line":265,"column":39}},"112":{"start":{"line":278,"column":6},"end":{"line":278,"column":60}},"113":{"start":{"line":278,"column":47},"end":{"line":278,"column":60}},"114":{"start":{"line":279,"column":6},"end":{"line":279,"column":56}},"115":{"start":{"line":279,"column":43},"end":{"line":279,"column":56}},"116":{"start":{"line":281,"column":21},"end":{"line":281,"column":33}},"117":{"start":{"line":282,"column":6},"end":{"line":287,"column":7}},"118":{"start":{"line":283,"column":22},"end":{"line":283,"column":39}},"119":{"start":{"line":284,"column":8},"end":{"line":284,"column":62}},"120":{"start":{"line":284,"column":49},"end":{"line":284,"column":62}},"121":{"start":{"line":285,"column":8},"end":{"line":285,"column":71}},"122":{"start":{"line":285,"column":58},"end":{"line":285,"column":71}},"123":{"start":{"line":286,"column":8},"end":{"line":286,"column":63}},"124":{"start":{"line":286,"column":50},"end":{"line":286,"column":63}},"125":{"start":{"line":289,"column":6},"end":{"line":289,"column":18}},"126":{"start":{"line":298,"column":6},"end":{"line":298,"column":60}},"127":{"start":{"line":298,"column":47},"end":{"line":298,"column":60}},"128":{"start":{"line":301,"column":6},"end":{"line":303,"column":7}},"129":{"start":{"line":302,"column":8},"end":{"line":302,"column":54}},"130":{"start":{"line":306,"column":6},"end":{"line":306,"column":58}},"131":{"start":{"line":306,"column":45},"end":{"line":306,"column":58}},"132":{"start":{"line":309,"column":6},"end":{"line":309,"column":52}},"133":{"start":{"line":314,"column":2},"end":{"line":314,"column":37}},"134":{"start":{"line":317,"column":2},"end":{"line":319,"column":3}},"135":{"start":{"line":318,"column":4},"end":{"line":318,"column":34}}},"fnMap":{"0":{"name":"(anonymous_0)","decl":{"start":{"line":14,"column":1},"end":{"line":14,"column":2}},"loc":{"start":{"line":14,"column":19},"end":{"line":320,"column":1}},"line":14},"1":{"name":"(anonymous_1)","decl":{"start":{"line":25,"column":4},"end":{"line":25,"column":5}},"loc":{"start":{"line":25,"column":17},"end":{"line":33,"column":5}},"line":25},"2":{"name":"(anonymous_2)","decl":{"start":{"line":40,"column":4},"end":{"line":40,"column":5}},"loc":{"start":{"line":40,"column":26},"end":{"line":43,"column":5}},"line":40},"3":{"name":"(anonymous_3)","decl":{"start":{"line":51,"column":4},"end":{"line":51,"column":5}},"loc":{"start":{"line":51,"column":24},"end":{"line":119,"column":5}},"line":51},"4":{"name":"(anonymous_4)","decl":{"start":{"line":126,"column":4},"end":{"line":126,"column":5}},"loc":{"start":{"line":126,"column":17},"end":{"line":191,"column":5}},"line":126},"5":{"name":"(anonymous_5)","decl":{"start":{"line":198,"column":4},"end":{"line":198,"column":5}},"loc":{"start":{"line":198,"column":18},"end":{"line":207,"column":5}},"line":198},"6":{"name":"(anonymous_6)","decl":{"start":{"line":214,"column":4},"end":{"line":214,"column":5}},"loc":{"start":{"line":214,"column":32},"end":{"line":222,"column":5}},"line":214},"7":{"name":"(anonymous_7)","decl":{"start":{"line":229,"column":4},"end":{"line":229,"column":5}},"loc":{"start":{"line":229,"column":31},"end":{"line":270,"column":5}},"line":229},"8":{"name":"(anonymous_8)","decl":{"start":{"line":247,"column":29},"end":{"line":247,"column":30}},"loc":{"start":{"line":247,"column":36},"end":{"line":259,"column":7}},"line":247},"9":{"name":"(anonymous_9)","decl":{"start":{"line":261,"column":17},"end":{"line":261,"column":18}},"loc":{"start":{"line":261,"column":27},"end":{"line":261,"column":38}},"line":261},"10":{"name":"(anonymous_10)","decl":{"start":{"line":263,"column":20},"end":{"line":263,"column":21}},"loc":{"start":{"line":263,"column":30},"end":{"line":269,"column":7}},"line":263},"11":{"name":"(anonymous_11)","decl":{"start":{"line":277,"column":4},"end":{"line":277,"column":5}},"loc":{"start":{"line":277,"column":20},"end":{"line":290,"column":5}},"line":277},"12":{"name":"(anonymous_12)","decl":{"start":{"line":297,"column":4},"end":{"line":297,"column":5}},"loc":{"start":{"line":297,"column":19},"end":{"line":310,"column":5}},"line":297}},"branchMap":{"0":{"loc":{"start":{"line":27,"column":8},"end":{"line":27,"column":33}},"type":"if","locations":[{"start":{"line":27,"column":8},"end":{"line":27,"column":33}},{"start":{},"end":{}}],"line":27},"1":{"loc":{"start":{"line":29,"column":15},"end":{"line":29,"column":42}},"type":"binary-expr","locations":[{"start":{"line":29,"column":15},"end":{"line":29,"column":34}},{"start":{"line":29,"column":38},"end":{"line":29,"column":42}}],"line":29},"2":{"loc":{"start":{"line":41,"column":25},"end":{"line":41,"column":90}},"type":"cond-expr","locations":[{"start":{"line":41,"column":59},"end":{"line":41,"column":80}},{"start":{"line":41,"column":83},"end":{"line":41,"column":90}}],"line":41},"3":{"loc":{"start":{"line":41,"column":25},"end":{"line":41,"column":56}},"type":"binary-expr","locations":[{"start":{"line":41,"column":25},"end":{"line":41,"column":31}},{"start":{"line":41,"column":35},"end":{"line":41,"column":56}}],"line":41},"4":{"loc":{"start":{"line":53,"column":6},"end":{"line":61,"column":7}},"type":"if","locations":[{"start":{"line":53,"column":6},"end":{"line":61,"column":7}},{"start":{},"end":{}}],"line":53},"5":{"loc":{"start":{"line":65,"column":17},"end":{"line":65,"column":73}},"type":"cond-expr","locations":[{"start":{"line":65,"column":42},"end":{"line":65,"column":55}},{"start":{"line":65,"column":58},"end":{"line":65,"column":73}}],"line":65},"6":{"loc":{"start":{"line":65,"column":17},"end":{"line":65,"column":39}},"type":"binary-expr","locations":[{"start":{"line":65,"column":17},"end":{"line":65,"column":22}},{"start":{"line":65,"column":26},"end":{"line":65,"column":39}}],"line":65},"7":{"loc":{"start":{"line":66,"column":16},"end":{"line":66,"column":61}},"type":"cond-expr","locations":[{"start":{"line":66,"column":40},"end":{"line":66,"column":52}},{"start":{"line":66,"column":55},"end":{"line":66,"column":61}}],"line":66},"8":{"loc":{"start":{"line":66,"column":16},"end":{"line":66,"column":37}},"type":"binary-expr","locations":[{"start":{"line":66,"column":16},"end":{"line":66,"column":21}},{"start":{"line":66,"column":25},"end":{"line":66,"column":37}}],"line":66},"9":{"loc":{"start":{"line":70,"column":6},"end":{"line":78,"column":7}},"type":"if","locations":[{"start":{"line":70,"column":6},"end":{"line":78,"column":7}},{"start":{},"end":{}}],"line":70},"10":{"loc":{"start":{"line":88,"column":8},"end":{"line":108,"column":9}},"type":"if","locations":[{"start":{"line":88,"column":8},"end":{"line":108,"column":9}},{"start":{},"end":{}}],"line":88},"11":{"loc":{"start":{"line":128,"column":6},"end":{"line":136,"column":7}},"type":"if","locations":[{"start":{"line":128,"column":6},"end":{"line":136,"column":7}},{"start":{},"end":{}}],"line":128},"12":{"loc":{"start":{"line":153,"column":6},"end":{"line":153,"column":28}},"type":"if","locations":[{"start":{"line":153,"column":6},"end":{"line":153,"column":28}},{"start":{},"end":{}}],"line":153},"13":{"loc":{"start":{"line":175,"column":6},"end":{"line":188,"column":7}},"type":"if","locations":[{"start":{"line":175,"column":6},"end":{"line":188,"column":7}},{"start":{},"end":{}}],"line":175},"14":{"loc":{"start":{"line":201,"column":8},"end":{"line":201,"column":29}},"type":"if","locations":[{"start":{"line":201,"column":8},"end":{"line":201,"column":29}},{"start":{},"end":{}}],"line":201},"15":{"loc":{"start":{"line":215,"column":6},"end":{"line":215,"column":31}},"type":"if","locations":[{"start":{"line":215,"column":6},"end":{"line":215,"column":31}},{"start":{},"end":{}}],"line":215},"16":{"loc":{"start":{"line":216,"column":19},"end":{"line":216,"column":67}},"type":"cond-expr","locations":[{"start":{"line":216,"column":52},"end":{"line":216,"column":62}},{"start":{"line":216,"column":65},"end":{"line":216,"column":67}}],"line":216},"17":{"loc":{"start":{"line":217,"column":6},"end":{"line":217,"column":53}},"type":"if","locations":[{"start":{"line":217,"column":6},"end":{"line":217,"column":53}},{"start":{},"end":{}}],"line":217},"18":{"loc":{"start":{"line":218,"column":6},"end":{"line":218,"column":61}},"type":"if","locations":[{"start":{"line":218,"column":6},"end":{"line":218,"column":61}},{"start":{},"end":{}}],"line":218},"19":{"loc":{"start":{"line":219,"column":19},"end":{"line":219,"column":69}},"type":"cond-expr","locations":[{"start":{"line":219,"column":52},"end":{"line":219,"column":62}},{"start":{"line":219,"column":65},"end":{"line":219,"column":69}}],"line":219},"20":{"loc":{"start":{"line":221,"column":13},"end":{"line":221,"column":41}},"type":"binary-expr","locations":[{"start":{"line":221,"column":13},"end":{"line":221,"column":24}},{"start":{"line":221,"column":28},"end":{"line":221,"column":41}}],"line":221},"21":{"loc":{"start":{"line":231,"column":6},"end":{"line":231,"column":27}},"type":"if","locations":[{"start":{"line":231,"column":6},"end":{"line":231,"column":27}},{"start":{},"end":{}}],"line":231},"22":{"loc":{"start":{"line":237,"column":10},"end":{"line":237,"column":27}},"type":"if","locations":[{"start":{"line":237,"column":10},"end":{"line":237,"column":27}},{"start":{},"end":{}}],"line":237},"23":{"loc":{"start":{"line":238,"column":10},"end":{"line":238,"column":58}},"type":"if","locations":[{"start":{"line":238,"column":10},"end":{"line":238,"column":58}},{"start":{},"end":{}}],"line":238},"24":{"loc":{"start":{"line":239,"column":10},"end":{"line":239,"column":55}},"type":"if","locations":[{"start":{"line":239,"column":10},"end":{"line":239,"column":55}},{"start":{},"end":{}}],"line":239},"25":{"loc":{"start":{"line":239,"column":14},"end":{"line":239,"column":44}},"type":"binary-expr","locations":[{"start":{"line":239,"column":14},"end":{"line":239,"column":24}},{"start":{"line":239,"column":28},"end":{"line":239,"column":44}}],"line":239},"26":{"loc":{"start":{"line":251,"column":10},"end":{"line":254,"column":11}},"type":"if","locations":[{"start":{"line":251,"column":10},"end":{"line":254,"column":11}},{"start":{},"end":{}}],"line":251},"27":{"loc":{"start":{"line":253,"column":17},"end":{"line":253,"column":86}},"type":"cond-expr","locations":[{"start":{"line":253,"column":66},"end":{"line":253,"column":82}},{"start":{"line":253,"column":85},"end":{"line":253,"column":86}}],"line":253},"28":{"loc":{"start":{"line":253,"column":17},"end":{"line":253,"column":63}},"type":"binary-expr","locations":[{"start":{"line":253,"column":17},"end":{"line":253,"column":23}},{"start":{"line":253,"column":27},"end":{"line":253,"column":63}}],"line":253},"29":{"loc":{"start":{"line":278,"column":6},"end":{"line":278,"column":60}},"type":"if","locations":[{"start":{"line":278,"column":6},"end":{"line":278,"column":60}},{"start":{},"end":{}}],"line":278},"30":{"loc":{"start":{"line":278,"column":10},"end":{"line":278,"column":45}},"type":"binary-expr","locations":[{"start":{"line":278,"column":10},"end":{"line":278,"column":16}},{"start":{"line":278,"column":20},"end":{"line":278,"column":45}}],"line":278},"31":{"loc":{"start":{"line":279,"column":6},"end":{"line":279,"column":56}},"type":"if","locations":[{"start":{"line":279,"column":6},"end":{"line":279,"column":56}},{"start":{},"end":{}}],"line":279},"32":{"loc":{"start":{"line":279,"column":10},"end":{"line":279,"column":41}},"type":"binary-expr","locations":[{"start":{"line":279,"column":10},"end":{"line":279,"column":24}},{"start":{"line":279,"column":28},"end":{"line":279,"column":41}}],"line":279},"33":{"loc":{"start":{"line":284,"column":8},"end":{"line":284,"column":62}},"type":"if","locations":[{"start":{"line":284,"column":8},"end":{"line":284,"column":62}},{"start":{},"end":{}}],"line":284},"34":{"loc":{"start":{"line":284,"column":12},"end":{"line":284,"column":47}},"type":"binary-expr","locations":[{"start":{"line":284,"column":12},"end":{"line":284,"column":18}},{"start":{"line":284,"column":22},"end":{"line":284,"column":47}}],"line":284},"35":{"loc":{"start":{"line":285,"column":8},"end":{"line":285,"column":71}},"type":"if","locations":[{"start":{"line":285,"column":8},"end":{"line":285,"column":71}},{"start":{},"end":{}}],"line":285},"36":{"loc":{"start":{"line":285,"column":12},"end":{"line":285,"column":56}},"type":"binary-expr","locations":[{"start":{"line":285,"column":12},"end":{"line":285,"column":24}},{"start":{"line":285,"column":28},"end":{"line":285,"column":56}}],"line":285},"37":{"loc":{"start":{"line":286,"column":8},"end":{"line":286,"column":63}},"type":"if","locations":[{"start":{"line":286,"column":8},"end":{"line":286,"column":63}},{"start":{},"end":{}}],"line":286},"38":{"loc":{"start":{"line":298,"column":6},"end":{"line":298,"column":60}},"type":"if","locations":[{"start":{"line":298,"column":6},"end":{"line":298,"column":60}},{"start":{},"end":{}}],"line":298},"39":{"loc":{"start":{"line":298,"column":10},"end":{"line":298,"column":45}},"type":"binary-expr","locations":[{"start":{"line":298,"column":10},"end":{"line":298,"column":16}},{"start":{"line":298,"column":20},"end":{"line":298,"column":45}}],"line":298},"40":{"loc":{"start":{"line":301,"column":6},"end":{"line":303,"column":7}},"type":"if","locations":[{"start":{"line":301,"column":6},"end":{"line":303,"column":7}},{"start":{},"end":{}}],"line":301},"41":{"loc":{"start":{"line":306,"column":6},"end":{"line":306,"column":58}},"type":"if","locations":[{"start":{"line":306,"column":6},"end":{"line":306,"column":58}},{"start":{},"end":{}}],"line":306},"42":{"loc":{"start":{"line":317,"column":2},"end":{"line":319,"column":3}},"type":"if","locations":[{"start":{"line":317,"column":2},"end":{"line":319,"column":3}},{"start":{},"end":{}}],"line":317},"43":{"loc":{"start":{"line":317,"column":6},"end":{"line":317,"column":53}},"type":"binary-expr","locations":[{"start":{"line":317,"column":6},"end":{"line":317,"column":35}},{"start":{"line":317,"column":39},"end":{"line":317,"column":53}}],"line":317},"44":{"loc":{"start":{"line":320,"column":3},"end":{"line":320,"column":54}},"type":"cond-expr","locations":[{"start":{"line":320,"column":35},"end":{"line":320,"column":41}},{"start":{"line":320,"column":44},"end":{"line":320,"column":54}}],"line":320}},"s":{"0":13,"1":13,"2":13,"3":360,"4":360,"5":0,"6":360,"7":1,"8":365,"9":365,"10":150,"11":150,"12":1,"13":1,"14":1,"15":149,"16":149,"17":1,"18":1,"19":1,"20":148,"21":148,"22":148,"23":148,"24":146,"25":2,"26":1,"27":1,"28":1,"29":1,"30":1,"31":1,"32":0,"33":0,"34":0,"35":1,"36":1,"37":1,"38":203,"39":203,"40":0,"41":0,"42":0,"43":203,"44":203,"45":203,"46":203,"47":3,"48":3,"49":3,"50":200,"51":94,"52":106,"53":106,"54":106,"55":2,"56":2,"57":2,"58":2,"59":2,"60":104,"61":104,"62":1,"63":1,"64":1,"65":1,"66":1,"67":103,"68":6,"69":6,"70":6,"71":0,"72":6,"73":6,"74":8,"75":1,"76":7,"77":7,"78":2,"79":5,"80":1,"81":4,"82":4,"83":1,"84":1,"85":0,"86":1,"87":1,"88":1,"89":1,"90":4,"91":4,"92":0,"93":4,"94":1,"95":3,"96":1,"97":2,"98":1,"99":2,"100":2,"101":2,"102":2,"103":2,"104":1,"105":1,"106":2,"107":1,"108":1,"109":1,"110":2,"111":2,"112":1258,"113":1,"114":1257,"115":1,"116":1256,"117":1256,"118":3760,"119":3760,"120":0,"121":3760,"122":3,"123":3757,"124":1,"125":1252,"126":106,"127":0,"128":106,"129":1,"130":105,"131":104,"132":1,"133":13,"134":13,"135":13},"f":{"0":13,"1":360,"2":365,"3":150,"4":203,"5":6,"6":8,"7":1,"8":2,"9":1,"10":2,"11":1258,"12":106},"b":{"0":[0,360],"1":[360,1],"2":[363,2],"3":[365,363],"4":[1,149],"5":[149,0],"6":[149,149],"7":[149,0],"8":[149,149],"9":[1,148],"10":[1,1],"11":[0,203],"12":[94,106],"13":[1,103],"14":[0,6],"15":[1,7],"16":[5,2],"17":[2,5],"18":[1,4],"19":[3,1],"20":[4,3],"21":[0,1],"22":[0,4],"23":[1,3],"24":[1,2],"25":[3,3],"26":[2,0],"27":[1,0],"28":[1,1],"29":[1,1257],"30":[1258,1257],"31":[1,1256],"32":[1257,1257],"33":[0,3760],"34":[3760,3760],"35":[3,3757],"36":[3760,3760],"37":[1,3756],"38":[0,106],"39":[106,106],"40":[1,105],"41":[104,1],"42":[13,0],"43":[13,13],"44":[13,0]},"_coverageSchema":"1a1c01bbd47fc00a2c39e90264f33305004495a9","hash":"0bdeb3223e6c12d545eb028f4f8006e5ef41f697"}
}
